CRITICAL - 2023-05-10 14:37:12 --> Class "App\Models\ImagickDraw" not found
in APPPATH/Models/Image_model.php on line 23.
 1 APPPATH/Controllers/Login.php(299): App\Models\ImageModel->addWatermark()
 2 SYSTEMPATH/CodeIgniter.php(934): App\Controllers\Login->resize_image()
 3 SYSTEMPATH/CodeIgniter.php(499): CodeIgniter\CodeIgniter->runController()
 4 SYSTEMPATH/CodeIgniter.php(368): CodeIgniter\CodeIgniter->handleRequest()
 5 FCPATH/index.php(67): CodeIgniter\CodeIgniter->run()
CRITICAL - 2023-05-10 14:37:33 --> Undefined variable $watermarkText
in APPPATH/Models/Image_model.php on line 27.
 1 APPPATH/Models/Image_model.php(27): CodeIgniter\Debug\Exceptions->errorHandler()
 2 APPPATH/Controllers/Login.php(299): App\Models\ImageModel->addWatermark()
 3 SYSTEMPATH/CodeIgniter.php(934): App\Controllers\Login->resize_image()
 4 SYSTEMPATH/CodeIgniter.php(499): CodeIgniter\CodeIgniter->runController()
 5 SYSTEMPATH/CodeIgniter.php(368): CodeIgniter\CodeIgniter->handleRequest()
 6 FCPATH/index.php(67): CodeIgniter\CodeIgniter->run()
CRITICAL - 2023-05-10 14:42:06 --> Undefined variable $resize
in APPPATH/Views/error.php on line 15.
 1 APPPATH/Views/error.php(15): CodeIgniter\Debug\Exceptions->errorHandler()
 2 SYSTEMPATH/View/View.php(213): include('APPPATH/Views/error.php')
 3 SYSTEMPATH/View/View.php(216): CodeIgniter\View\View->CodeIgniter\View\{closure}()
 4 SYSTEMPATH/Common.php(1184): CodeIgniter\View\View->render()
 5 APPPATH/Controllers/Login.php(306): view()
 6 SYSTEMPATH/CodeIgniter.php(934): App\Controllers\Login->resize_image()
 7 SYSTEMPATH/CodeIgniter.php(499): CodeIgniter\CodeIgniter->runController()
 8 SYSTEMPATH/CodeIgniter.php(368): CodeIgniter\CodeIgniter->handleRequest()
 9 FCPATH/index.php(67): CodeIgniter\CodeIgniter->run()
CRITICAL - 2023-05-10 16:43:58 --> Call to undefined method ImagickDraw::setBackgroundColor()
in APPPATH/Models/Image_model.php on line 26.
 1 APPPATH/Controllers/Login.php(299): App\Models\ImageModel->addWatermark()
 2 SYSTEMPATH/CodeIgniter.php(934): App\Controllers\Login->resize_image()
 3 SYSTEMPATH/CodeIgniter.php(499): CodeIgniter\CodeIgniter->runController()
 4 SYSTEMPATH/CodeIgniter.php(368): CodeIgniter\CodeIgniter->handleRequest()
 5 FCPATH/index.php(67): CodeIgniter\CodeIgniter->run()
