CRITICAL - 2023-04-18 07:26:59 --> Trying to access array offset on value of type null
in APPPATH/Views/profile.php on line 6.
 1 APPPATH/Views/profile.php(6): CodeIgniter\Debug\Exceptions->errorHandler()
 2 SYSTEMPATH/View/View.php(213): include('APPPATH/Views/profile.php')
 3 SYSTEMPATH/View/View.php(216): CodeIgniter\View\View->CodeIgniter\View\{closure}()
 4 SYSTEMPATH/Common.php(1184): CodeIgniter\View\View->render()
 5 APPPATH/Controllers/Login.php(92): view()
 6 SYSTEMPATH/CodeIgniter.php(934): App\Controllers\Login->profile()
 7 SYSTEMPATH/CodeIgniter.php(499): CodeIgniter\CodeIgniter->runController()
 8 SYSTEMPATH/CodeIgniter.php(368): CodeIgniter\CodeIgniter->handleRequest()
 9 FCPATH/index.php(67): CodeIgniter\CodeIgniter->run()
CRITICAL - 2023-04-18 09:15:10 --> require(/var/www/htdocs/project/app/Controllers/vendor/autoload.php): Failed to open stream: No such file or directory
in APPPATH/Controllers/Sign_up.php on line 3.
 1 APPPATH/Controllers/Sign_up.php(3): CodeIgniter\Debug\Exceptions->errorHandler()
 2 APPPATH/Controllers/Sign_up.php(3): require()
 3 SYSTEMPATH/Autoloader/Autoloader.php(312): include_once('APPPATH/Controllers/Sign_up.php')
 4 SYSTEMPATH/Autoloader/Autoloader.php(289): CodeIgniter\Autoloader\Autoloader->includeFile()
 5 SYSTEMPATH/Autoloader/Autoloader.php(267): CodeIgniter\Autoloader\Autoloader->loadInNamespace()
 6 [internal function]: CodeIgniter\Autoloader\Autoloader->loadClass()
 7 SYSTEMPATH/CodeIgniter.php(892): class_exists()
 8 SYSTEMPATH/CodeIgniter.php(486): CodeIgniter\CodeIgniter->startController()
 9 SYSTEMPATH/CodeIgniter.php(368): CodeIgniter\CodeIgniter->handleRequest()
10 FCPATH/index.php(67): CodeIgniter\CodeIgniter->run()
CRITICAL - 2023-04-18 09:15:43 --> require(/var/www/htdocs/project/app/ControllersThirdParty/vendor/autoload.php): Failed to open stream: No such file or directory
in APPPATH/Controllers/Sign_up.php on line 3.
 1 APPPATH/Controllers/Sign_up.php(3): CodeIgniter\Debug\Exceptions->errorHandler()
 2 APPPATH/Controllers/Sign_up.php(3): require()
 3 SYSTEMPATH/Autoloader/Autoloader.php(312): include_once('APPPATH/Controllers/Sign_up.php')
 4 SYSTEMPATH/Autoloader/Autoloader.php(289): CodeIgniter\Autoloader\Autoloader->includeFile()
 5 SYSTEMPATH/Autoloader/Autoloader.php(267): CodeIgniter\Autoloader\Autoloader->loadInNamespace()
 6 [internal function]: CodeIgniter\Autoloader\Autoloader->loadClass()
 7 SYSTEMPATH/CodeIgniter.php(892): class_exists()
 8 SYSTEMPATH/CodeIgniter.php(486): CodeIgniter\CodeIgniter->startController()
 9 SYSTEMPATH/CodeIgniter.php(368): CodeIgniter\CodeIgniter->handleRequest()
10 FCPATH/index.php(67): CodeIgniter\CodeIgniter->run()
CRITICAL - 2023-04-18 09:15:51 --> require(/var/www/htdocs/project/app/ControllersAPP/ThirdParty/vendor/autoload.php): Failed to open stream: No such file or directory
in APPPATH/Controllers/Sign_up.php on line 3.
 1 APPPATH/Controllers/Sign_up.php(3): CodeIgniter\Debug\Exceptions->errorHandler()
 2 APPPATH/Controllers/Sign_up.php(3): require()
 3 SYSTEMPATH/Autoloader/Autoloader.php(312): include_once('APPPATH/Controllers/Sign_up.php')
 4 SYSTEMPATH/Autoloader/Autoloader.php(289): CodeIgniter\Autoloader\Autoloader->includeFile()
 5 SYSTEMPATH/Autoloader/Autoloader.php(267): CodeIgniter\Autoloader\Autoloader->loadInNamespace()
 6 [internal function]: CodeIgniter\Autoloader\Autoloader->loadClass()
 7 SYSTEMPATH/CodeIgniter.php(892): class_exists()
 8 SYSTEMPATH/CodeIgniter.php(486): CodeIgniter\CodeIgniter->startController()
 9 SYSTEMPATH/CodeIgniter.php(368): CodeIgniter\CodeIgniter->handleRequest()
10 FCPATH/index.php(67): CodeIgniter\CodeIgniter->run()
CRITICAL - 2023-04-18 09:15:53 --> require(/var/www/htdocs/project/app/ControllersAPP/ThirdParty/vendor/autoload.php): Failed to open stream: No such file or directory
in APPPATH/Controllers/Sign_up.php on line 3.
 1 APPPATH/Controllers/Sign_up.php(3): CodeIgniter\Debug\Exceptions->errorHandler()
 2 APPPATH/Controllers/Sign_up.php(3): require()
 3 SYSTEMPATH/Autoloader/Autoloader.php(312): include_once('APPPATH/Controllers/Sign_up.php')
 4 SYSTEMPATH/Autoloader/Autoloader.php(289): CodeIgniter\Autoloader\Autoloader->includeFile()
 5 SYSTEMPATH/Autoloader/Autoloader.php(267): CodeIgniter\Autoloader\Autoloader->loadInNamespace()
 6 [internal function]: CodeIgniter\Autoloader\Autoloader->loadClass()
 7 SYSTEMPATH/CodeIgniter.php(892): class_exists()
 8 SYSTEMPATH/CodeIgniter.php(486): CodeIgniter\CodeIgniter->startController()
 9 SYSTEMPATH/CodeIgniter.php(368): CodeIgniter\CodeIgniter->handleRequest()
10 FCPATH/index.php(67): CodeIgniter\CodeIgniter->run()
CRITICAL - 2023-04-18 09:15:53 --> require(/var/www/htdocs/project/app/ControllersAPP/ThirdParty/vendor/autoload.php): Failed to open stream: No such file or directory
in APPPATH/Controllers/Sign_up.php on line 3.
 1 APPPATH/Controllers/Sign_up.php(3): CodeIgniter\Debug\Exceptions->errorHandler()
 2 APPPATH/Controllers/Sign_up.php(3): require()
 3 SYSTEMPATH/Autoloader/Autoloader.php(312): include_once('APPPATH/Controllers/Sign_up.php')
 4 SYSTEMPATH/Autoloader/Autoloader.php(289): CodeIgniter\Autoloader\Autoloader->includeFile()
 5 SYSTEMPATH/Autoloader/Autoloader.php(267): CodeIgniter\Autoloader\Autoloader->loadInNamespace()
 6 [internal function]: CodeIgniter\Autoloader\Autoloader->loadClass()
 7 SYSTEMPATH/CodeIgniter.php(892): class_exists()
 8 SYSTEMPATH/CodeIgniter.php(486): CodeIgniter\CodeIgniter->startController()
 9 SYSTEMPATH/CodeIgniter.php(368): CodeIgniter\CodeIgniter->handleRequest()
10 FCPATH/index.php(67): CodeIgniter\CodeIgniter->run()
CRITICAL - 2023-04-18 09:16:03 --> require(/var/www/htdocs/project/app/ControllersAPP/Config/ThirdParty/vendor/autoload.php): Failed to open stream: No such file or directory
in APPPATH/Controllers/Sign_up.php on line 3.
 1 APPPATH/Controllers/Sign_up.php(3): CodeIgniter\Debug\Exceptions->errorHandler()
 2 APPPATH/Controllers/Sign_up.php(3): require()
 3 SYSTEMPATH/Autoloader/Autoloader.php(312): include_once('APPPATH/Controllers/Sign_up.php')
 4 SYSTEMPATH/Autoloader/Autoloader.php(289): CodeIgniter\Autoloader\Autoloader->includeFile()
 5 SYSTEMPATH/Autoloader/Autoloader.php(267): CodeIgniter\Autoloader\Autoloader->loadInNamespace()
 6 [internal function]: CodeIgniter\Autoloader\Autoloader->loadClass()
 7 SYSTEMPATH/CodeIgniter.php(892): class_exists()
 8 SYSTEMPATH/CodeIgniter.php(486): CodeIgniter\CodeIgniter->startController()
 9 SYSTEMPATH/CodeIgniter.php(368): CodeIgniter\CodeIgniter->handleRequest()
10 FCPATH/index.php(67): CodeIgniter\CodeIgniter->run()
CRITICAL - 2023-04-18 09:16:04 --> require(/var/www/htdocs/project/app/ControllersAPP/Config/ThirdParty/vendor/autoload.php): Failed to open stream: No such file or directory
in APPPATH/Controllers/Sign_up.php on line 3.
 1 APPPATH/Controllers/Sign_up.php(3): CodeIgniter\Debug\Exceptions->errorHandler()
 2 APPPATH/Controllers/Sign_up.php(3): require()
 3 SYSTEMPATH/Autoloader/Autoloader.php(312): include_once('APPPATH/Controllers/Sign_up.php')
 4 SYSTEMPATH/Autoloader/Autoloader.php(289): CodeIgniter\Autoloader\Autoloader->includeFile()
 5 SYSTEMPATH/Autoloader/Autoloader.php(267): CodeIgniter\Autoloader\Autoloader->loadInNamespace()
 6 [internal function]: CodeIgniter\Autoloader\Autoloader->loadClass()
 7 SYSTEMPATH/CodeIgniter.php(892): class_exists()
 8 SYSTEMPATH/CodeIgniter.php(486): CodeIgniter\CodeIgniter->startController()
 9 SYSTEMPATH/CodeIgniter.php(368): CodeIgniter\CodeIgniter->handleRequest()
10 FCPATH/index.php(67): CodeIgniter\CodeIgniter->run()
CRITICAL - 2023-04-18 09:16:05 --> require(/var/www/htdocs/project/app/ControllersAPP/Config/ThirdParty/vendor/autoload.php): Failed to open stream: No such file or directory
in APPPATH/Controllers/Sign_up.php on line 3.
 1 APPPATH/Controllers/Sign_up.php(3): CodeIgniter\Debug\Exceptions->errorHandler()
 2 APPPATH/Controllers/Sign_up.php(3): require()
 3 SYSTEMPATH/Autoloader/Autoloader.php(312): include_once('APPPATH/Controllers/Sign_up.php')
 4 SYSTEMPATH/Autoloader/Autoloader.php(289): CodeIgniter\Autoloader\Autoloader->includeFile()
 5 SYSTEMPATH/Autoloader/Autoloader.php(267): CodeIgniter\Autoloader\Autoloader->loadInNamespace()
 6 [internal function]: CodeIgniter\Autoloader\Autoloader->loadClass()
 7 SYSTEMPATH/CodeIgniter.php(892): class_exists()
 8 SYSTEMPATH/CodeIgniter.php(486): CodeIgniter\CodeIgniter->startController()
 9 SYSTEMPATH/CodeIgniter.php(368): CodeIgniter\CodeIgniter->handleRequest()
10 FCPATH/index.php(67): CodeIgniter\CodeIgniter->run()
CRITICAL - 2023-04-18 09:16:12 --> require(/var/www/htdocs/project/app/Controllersapp/Config/ThirdParty/vendor/autoload.php): Failed to open stream: No such file or directory
in APPPATH/Controllers/Sign_up.php on line 3.
 1 APPPATH/Controllers/Sign_up.php(3): CodeIgniter\Debug\Exceptions->errorHandler()
 2 APPPATH/Controllers/Sign_up.php(3): require()
 3 SYSTEMPATH/Autoloader/Autoloader.php(312): include_once('APPPATH/Controllers/Sign_up.php')
 4 SYSTEMPATH/Autoloader/Autoloader.php(289): CodeIgniter\Autoloader\Autoloader->includeFile()
 5 SYSTEMPATH/Autoloader/Autoloader.php(267): CodeIgniter\Autoloader\Autoloader->loadInNamespace()
 6 [internal function]: CodeIgniter\Autoloader\Autoloader->loadClass()
 7 SYSTEMPATH/CodeIgniter.php(892): class_exists()
 8 SYSTEMPATH/CodeIgniter.php(486): CodeIgniter\CodeIgniter->startController()
 9 SYSTEMPATH/CodeIgniter.php(368): CodeIgniter\CodeIgniter->handleRequest()
10 FCPATH/index.php(67): CodeIgniter\CodeIgniter->run()
CRITICAL - 2023-04-18 09:16:13 --> require(/var/www/htdocs/project/app/Controllersapp/Config/ThirdParty/vendor/autoload.php): Failed to open stream: No such file or directory
in APPPATH/Controllers/Sign_up.php on line 3.
 1 APPPATH/Controllers/Sign_up.php(3): CodeIgniter\Debug\Exceptions->errorHandler()
 2 APPPATH/Controllers/Sign_up.php(3): require()
 3 SYSTEMPATH/Autoloader/Autoloader.php(312): include_once('APPPATH/Controllers/Sign_up.php')
 4 SYSTEMPATH/Autoloader/Autoloader.php(289): CodeIgniter\Autoloader\Autoloader->includeFile()
 5 SYSTEMPATH/Autoloader/Autoloader.php(267): CodeIgniter\Autoloader\Autoloader->loadInNamespace()
 6 [internal function]: CodeIgniter\Autoloader\Autoloader->loadClass()
 7 SYSTEMPATH/CodeIgniter.php(892): class_exists()
 8 SYSTEMPATH/CodeIgniter.php(486): CodeIgniter\CodeIgniter->startController()
 9 SYSTEMPATH/CodeIgniter.php(368): CodeIgniter\CodeIgniter->handleRequest()
10 FCPATH/index.php(67): CodeIgniter\CodeIgniter->run()
CRITICAL - 2023-04-18 09:16:13 --> require(/var/www/htdocs/project/app/Controllersapp/Config/ThirdParty/vendor/autoload.php): Failed to open stream: No such file or directory
in APPPATH/Controllers/Sign_up.php on line 3.
 1 APPPATH/Controllers/Sign_up.php(3): CodeIgniter\Debug\Exceptions->errorHandler()
 2 APPPATH/Controllers/Sign_up.php(3): require()
 3 SYSTEMPATH/Autoloader/Autoloader.php(312): include_once('APPPATH/Controllers/Sign_up.php')
 4 SYSTEMPATH/Autoloader/Autoloader.php(289): CodeIgniter\Autoloader\Autoloader->includeFile()
 5 SYSTEMPATH/Autoloader/Autoloader.php(267): CodeIgniter\Autoloader\Autoloader->loadInNamespace()
 6 [internal function]: CodeIgniter\Autoloader\Autoloader->loadClass()
 7 SYSTEMPATH/CodeIgniter.php(892): class_exists()
 8 SYSTEMPATH/CodeIgniter.php(486): CodeIgniter\CodeIgniter->startController()
 9 SYSTEMPATH/CodeIgniter.php(368): CodeIgniter\CodeIgniter->handleRequest()
10 FCPATH/index.php(67): CodeIgniter\CodeIgniter->run()
CRITICAL - 2023-04-18 09:16:13 --> require(/var/www/htdocs/project/app/Controllersapp/Config/ThirdParty/vendor/autoload.php): Failed to open stream: No such file or directory
in APPPATH/Controllers/Sign_up.php on line 3.
 1 APPPATH/Controllers/Sign_up.php(3): CodeIgniter\Debug\Exceptions->errorHandler()
 2 APPPATH/Controllers/Sign_up.php(3): require()
 3 SYSTEMPATH/Autoloader/Autoloader.php(312): include_once('APPPATH/Controllers/Sign_up.php')
 4 SYSTEMPATH/Autoloader/Autoloader.php(289): CodeIgniter\Autoloader\Autoloader->includeFile()
 5 SYSTEMPATH/Autoloader/Autoloader.php(267): CodeIgniter\Autoloader\Autoloader->loadInNamespace()
 6 [internal function]: CodeIgniter\Autoloader\Autoloader->loadClass()
 7 SYSTEMPATH/CodeIgniter.php(892): class_exists()
 8 SYSTEMPATH/CodeIgniter.php(486): CodeIgniter\CodeIgniter->startController()
 9 SYSTEMPATH/CodeIgniter.php(368): CodeIgniter\CodeIgniter->handleRequest()
10 FCPATH/index.php(67): CodeIgniter\CodeIgniter->run()
CRITICAL - 2023-04-18 09:16:28 --> require(/var/www/htdocs/project/app/Controllersapp/ThirdParty/vendor/autoload.php): Failed to open stream: No such file or directory
in APPPATH/Controllers/Sign_up.php on line 3.
 1 APPPATH/Controllers/Sign_up.php(3): CodeIgniter\Debug\Exceptions->errorHandler()
 2 APPPATH/Controllers/Sign_up.php(3): require()
 3 SYSTEMPATH/Autoloader/Autoloader.php(312): include_once('APPPATH/Controllers/Sign_up.php')
 4 SYSTEMPATH/Autoloader/Autoloader.php(289): CodeIgniter\Autoloader\Autoloader->includeFile()
 5 SYSTEMPATH/Autoloader/Autoloader.php(267): CodeIgniter\Autoloader\Autoloader->loadInNamespace()
 6 [internal function]: CodeIgniter\Autoloader\Autoloader->loadClass()
 7 SYSTEMPATH/CodeIgniter.php(892): class_exists()
 8 SYSTEMPATH/CodeIgniter.php(486): CodeIgniter\CodeIgniter->startController()
 9 SYSTEMPATH/CodeIgniter.php(368): CodeIgniter\CodeIgniter->handleRequest()
10 FCPATH/index.php(67): CodeIgniter\CodeIgniter->run()
CRITICAL - 2023-04-18 09:16:29 --> require(/var/www/htdocs/project/app/Controllersapp/ThirdParty/vendor/autoload.php): Failed to open stream: No such file or directory
in APPPATH/Controllers/Sign_up.php on line 3.
 1 APPPATH/Controllers/Sign_up.php(3): CodeIgniter\Debug\Exceptions->errorHandler()
 2 APPPATH/Controllers/Sign_up.php(3): require()
 3 SYSTEMPATH/Autoloader/Autoloader.php(312): include_once('APPPATH/Controllers/Sign_up.php')
 4 SYSTEMPATH/Autoloader/Autoloader.php(289): CodeIgniter\Autoloader\Autoloader->includeFile()
 5 SYSTEMPATH/Autoloader/Autoloader.php(267): CodeIgniter\Autoloader\Autoloader->loadInNamespace()
 6 [internal function]: CodeIgniter\Autoloader\Autoloader->loadClass()
 7 SYSTEMPATH/CodeIgniter.php(892): class_exists()
 8 SYSTEMPATH/CodeIgniter.php(486): CodeIgniter\CodeIgniter->startController()
 9 SYSTEMPATH/CodeIgniter.php(368): CodeIgniter\CodeIgniter->handleRequest()
10 FCPATH/index.php(67): CodeIgniter\CodeIgniter->run()
CRITICAL - 2023-04-18 09:16:29 --> require(/var/www/htdocs/project/app/Controllersapp/ThirdParty/vendor/autoload.php): Failed to open stream: No such file or directory
in APPPATH/Controllers/Sign_up.php on line 3.
 1 APPPATH/Controllers/Sign_up.php(3): CodeIgniter\Debug\Exceptions->errorHandler()
 2 APPPATH/Controllers/Sign_up.php(3): require()
 3 SYSTEMPATH/Autoloader/Autoloader.php(312): include_once('APPPATH/Controllers/Sign_up.php')
 4 SYSTEMPATH/Autoloader/Autoloader.php(289): CodeIgniter\Autoloader\Autoloader->includeFile()
 5 SYSTEMPATH/Autoloader/Autoloader.php(267): CodeIgniter\Autoloader\Autoloader->loadInNamespace()
 6 [internal function]: CodeIgniter\Autoloader\Autoloader->loadClass()
 7 SYSTEMPATH/CodeIgniter.php(892): class_exists()
 8 SYSTEMPATH/CodeIgniter.php(486): CodeIgniter\CodeIgniter->startController()
 9 SYSTEMPATH/CodeIgniter.php(368): CodeIgniter\CodeIgniter->handleRequest()
10 FCPATH/index.php(67): CodeIgniter\CodeIgniter->run()
CRITICAL - 2023-04-18 09:17:13 --> require(/var/www/htdocs/project/app/Controllers/vendor/autoload.php): Failed to open stream: No such file or directory
in APPPATH/Controllers/Sign_up.php on line 3.
 1 APPPATH/Controllers/Sign_up.php(3): CodeIgniter\Debug\Exceptions->errorHandler()
 2 APPPATH/Controllers/Sign_up.php(3): require()
 3 SYSTEMPATH/Autoloader/Autoloader.php(312): include_once('APPPATH/Controllers/Sign_up.php')
 4 SYSTEMPATH/Autoloader/Autoloader.php(289): CodeIgniter\Autoloader\Autoloader->includeFile()
 5 SYSTEMPATH/Autoloader/Autoloader.php(267): CodeIgniter\Autoloader\Autoloader->loadInNamespace()
 6 [internal function]: CodeIgniter\Autoloader\Autoloader->loadClass()
 7 SYSTEMPATH/CodeIgniter.php(892): class_exists()
 8 SYSTEMPATH/CodeIgniter.php(486): CodeIgniter\CodeIgniter->startController()
 9 SYSTEMPATH/CodeIgniter.php(368): CodeIgniter\CodeIgniter->handleRequest()
10 FCPATH/index.php(67): CodeIgniter\CodeIgniter->run()
CRITICAL - 2023-04-18 09:17:14 --> require(/var/www/htdocs/project/app/Controllers/vendor/autoload.php): Failed to open stream: No such file or directory
in APPPATH/Controllers/Sign_up.php on line 3.
 1 APPPATH/Controllers/Sign_up.php(3): CodeIgniter\Debug\Exceptions->errorHandler()
 2 APPPATH/Controllers/Sign_up.php(3): require()
 3 SYSTEMPATH/Autoloader/Autoloader.php(312): include_once('APPPATH/Controllers/Sign_up.php')
 4 SYSTEMPATH/Autoloader/Autoloader.php(289): CodeIgniter\Autoloader\Autoloader->includeFile()
 5 SYSTEMPATH/Autoloader/Autoloader.php(267): CodeIgniter\Autoloader\Autoloader->loadInNamespace()
 6 [internal function]: CodeIgniter\Autoloader\Autoloader->loadClass()
 7 SYSTEMPATH/CodeIgniter.php(892): class_exists()
 8 SYSTEMPATH/CodeIgniter.php(486): CodeIgniter\CodeIgniter->startController()
 9 SYSTEMPATH/CodeIgniter.php(368): CodeIgniter\CodeIgniter->handleRequest()
10 FCPATH/index.php(67): CodeIgniter\CodeIgniter->run()
CRITICAL - 2023-04-18 09:17:14 --> require(/var/www/htdocs/project/app/Controllers/vendor/autoload.php): Failed to open stream: No such file or directory
in APPPATH/Controllers/Sign_up.php on line 3.
 1 APPPATH/Controllers/Sign_up.php(3): CodeIgniter\Debug\Exceptions->errorHandler()
 2 APPPATH/Controllers/Sign_up.php(3): require()
 3 SYSTEMPATH/Autoloader/Autoloader.php(312): include_once('APPPATH/Controllers/Sign_up.php')
 4 SYSTEMPATH/Autoloader/Autoloader.php(289): CodeIgniter\Autoloader\Autoloader->includeFile()
 5 SYSTEMPATH/Autoloader/Autoloader.php(267): CodeIgniter\Autoloader\Autoloader->loadInNamespace()
 6 [internal function]: CodeIgniter\Autoloader\Autoloader->loadClass()
 7 SYSTEMPATH/CodeIgniter.php(892): class_exists()
 8 SYSTEMPATH/CodeIgniter.php(486): CodeIgniter\CodeIgniter->startController()
 9 SYSTEMPATH/CodeIgniter.php(368): CodeIgniter\CodeIgniter->handleRequest()
10 FCPATH/index.php(67): CodeIgniter\CodeIgniter->run()
CRITICAL - 2023-04-18 09:17:14 --> require(/var/www/htdocs/project/app/Controllers/vendor/autoload.php): Failed to open stream: No such file or directory
in APPPATH/Controllers/Sign_up.php on line 3.
 1 APPPATH/Controllers/Sign_up.php(3): CodeIgniter\Debug\Exceptions->errorHandler()
 2 APPPATH/Controllers/Sign_up.php(3): require()
 3 SYSTEMPATH/Autoloader/Autoloader.php(312): include_once('APPPATH/Controllers/Sign_up.php')
 4 SYSTEMPATH/Autoloader/Autoloader.php(289): CodeIgniter\Autoloader\Autoloader->includeFile()
 5 SYSTEMPATH/Autoloader/Autoloader.php(267): CodeIgniter\Autoloader\Autoloader->loadInNamespace()
 6 [internal function]: CodeIgniter\Autoloader\Autoloader->loadClass()
 7 SYSTEMPATH/CodeIgniter.php(892): class_exists()
 8 SYSTEMPATH/CodeIgniter.php(486): CodeIgniter\CodeIgniter->startController()
 9 SYSTEMPATH/CodeIgniter.php(368): CodeIgniter\CodeIgniter->handleRequest()
10 FCPATH/index.php(67): CodeIgniter\CodeIgniter->run()
CRITICAL - 2023-04-18 09:18:45 --> require(/var/www/htdocs/project/app/Controllers/vendor/autoload.php): Failed to open stream: No such file or directory
in APPPATH/Controllers/Sign_up.php on line 3.
 1 APPPATH/Controllers/Sign_up.php(3): CodeIgniter\Debug\Exceptions->errorHandler()
 2 APPPATH/Controllers/Sign_up.php(3): require()
 3 SYSTEMPATH/Autoloader/Autoloader.php(312): include_once('APPPATH/Controllers/Sign_up.php')
 4 SYSTEMPATH/Autoloader/Autoloader.php(289): CodeIgniter\Autoloader\Autoloader->includeFile()
 5 SYSTEMPATH/Autoloader/Autoloader.php(267): CodeIgniter\Autoloader\Autoloader->loadInNamespace()
 6 [internal function]: CodeIgniter\Autoloader\Autoloader->loadClass()
 7 SYSTEMPATH/CodeIgniter.php(892): class_exists()
 8 SYSTEMPATH/CodeIgniter.php(486): CodeIgniter\CodeIgniter->startController()
 9 SYSTEMPATH/CodeIgniter.php(368): CodeIgniter\CodeIgniter->handleRequest()
10 FCPATH/index.php(67): CodeIgniter\CodeIgniter->run()
CRITICAL - 2023-04-18 09:18:58 --> require(/var/www/htdocs/project/app/Controllers/var/www/htdocs/project/vendor/autoload.php): Failed to open stream: No such file or directory
in APPPATH/Controllers/Sign_up.php on line 3.
 1 APPPATH/Controllers/Sign_up.php(3): CodeIgniter\Debug\Exceptions->errorHandler()
 2 APPPATH/Controllers/Sign_up.php(3): require()
 3 SYSTEMPATH/Autoloader/Autoloader.php(312): include_once('APPPATH/Controllers/Sign_up.php')
 4 SYSTEMPATH/Autoloader/Autoloader.php(289): CodeIgniter\Autoloader\Autoloader->includeFile()
 5 SYSTEMPATH/Autoloader/Autoloader.php(267): CodeIgniter\Autoloader\Autoloader->loadInNamespace()
 6 [internal function]: CodeIgniter\Autoloader\Autoloader->loadClass()
 7 SYSTEMPATH/CodeIgniter.php(892): class_exists()
 8 SYSTEMPATH/CodeIgniter.php(486): CodeIgniter\CodeIgniter->startController()
 9 SYSTEMPATH/CodeIgniter.php(368): CodeIgniter\CodeIgniter->handleRequest()
10 FCPATH/index.php(67): CodeIgniter\CodeIgniter->run()
CRITICAL - 2023-04-18 09:18:59 --> require(/var/www/htdocs/project/app/Controllers/var/www/htdocs/project/vendor/autoload.php): Failed to open stream: No such file or directory
in APPPATH/Controllers/Sign_up.php on line 3.
 1 APPPATH/Controllers/Sign_up.php(3): CodeIgniter\Debug\Exceptions->errorHandler()
 2 APPPATH/Controllers/Sign_up.php(3): require()
 3 SYSTEMPATH/Autoloader/Autoloader.php(312): include_once('APPPATH/Controllers/Sign_up.php')
 4 SYSTEMPATH/Autoloader/Autoloader.php(289): CodeIgniter\Autoloader\Autoloader->includeFile()
 5 SYSTEMPATH/Autoloader/Autoloader.php(267): CodeIgniter\Autoloader\Autoloader->loadInNamespace()
 6 [internal function]: CodeIgniter\Autoloader\Autoloader->loadClass()
 7 SYSTEMPATH/CodeIgniter.php(892): class_exists()
 8 SYSTEMPATH/CodeIgniter.php(486): CodeIgniter\CodeIgniter->startController()
 9 SYSTEMPATH/CodeIgniter.php(368): CodeIgniter\CodeIgniter->handleRequest()
10 FCPATH/index.php(67): CodeIgniter\CodeIgniter->run()
CRITICAL - 2023-04-18 09:19:00 --> require(/var/www/htdocs/project/app/Controllers/var/www/htdocs/project/vendor/autoload.php): Failed to open stream: No such file or directory
in APPPATH/Controllers/Sign_up.php on line 3.
 1 APPPATH/Controllers/Sign_up.php(3): CodeIgniter\Debug\Exceptions->errorHandler()
 2 APPPATH/Controllers/Sign_up.php(3): require()
 3 SYSTEMPATH/Autoloader/Autoloader.php(312): include_once('APPPATH/Controllers/Sign_up.php')
 4 SYSTEMPATH/Autoloader/Autoloader.php(289): CodeIgniter\Autoloader\Autoloader->includeFile()
 5 SYSTEMPATH/Autoloader/Autoloader.php(267): CodeIgniter\Autoloader\Autoloader->loadInNamespace()
 6 [internal function]: CodeIgniter\Autoloader\Autoloader->loadClass()
 7 SYSTEMPATH/CodeIgniter.php(892): class_exists()
 8 SYSTEMPATH/CodeIgniter.php(486): CodeIgniter\CodeIgniter->startController()
 9 SYSTEMPATH/CodeIgniter.php(368): CodeIgniter\CodeIgniter->handleRequest()
10 FCPATH/index.php(67): CodeIgniter\CodeIgniter->run()
CRITICAL - 2023-04-18 09:19:01 --> require(/var/www/htdocs/project/app/Controllers/var/www/htdocs/project/vendor/autoload.php): Failed to open stream: No such file or directory
in APPPATH/Controllers/Sign_up.php on line 3.
 1 APPPATH/Controllers/Sign_up.php(3): CodeIgniter\Debug\Exceptions->errorHandler()
 2 APPPATH/Controllers/Sign_up.php(3): require()
 3 SYSTEMPATH/Autoloader/Autoloader.php(312): include_once('APPPATH/Controllers/Sign_up.php')
 4 SYSTEMPATH/Autoloader/Autoloader.php(289): CodeIgniter\Autoloader\Autoloader->includeFile()
 5 SYSTEMPATH/Autoloader/Autoloader.php(267): CodeIgniter\Autoloader\Autoloader->loadInNamespace()
 6 [internal function]: CodeIgniter\Autoloader\Autoloader->loadClass()
 7 SYSTEMPATH/CodeIgniter.php(892): class_exists()
 8 SYSTEMPATH/CodeIgniter.php(486): CodeIgniter\CodeIgniter->startController()
 9 SYSTEMPATH/CodeIgniter.php(368): CodeIgniter\CodeIgniter->handleRequest()
10 FCPATH/index.php(67): CodeIgniter\CodeIgniter->run()
CRITICAL - 2023-04-18 09:19:01 --> require(/var/www/htdocs/project/app/Controllers/var/www/htdocs/project/vendor/autoload.php): Failed to open stream: No such file or directory
in APPPATH/Controllers/Sign_up.php on line 3.
 1 APPPATH/Controllers/Sign_up.php(3): CodeIgniter\Debug\Exceptions->errorHandler()
 2 APPPATH/Controllers/Sign_up.php(3): require()
 3 SYSTEMPATH/Autoloader/Autoloader.php(312): include_once('APPPATH/Controllers/Sign_up.php')
 4 SYSTEMPATH/Autoloader/Autoloader.php(289): CodeIgniter\Autoloader\Autoloader->includeFile()
 5 SYSTEMPATH/Autoloader/Autoloader.php(267): CodeIgniter\Autoloader\Autoloader->loadInNamespace()
 6 [internal function]: CodeIgniter\Autoloader\Autoloader->loadClass()
 7 SYSTEMPATH/CodeIgniter.php(892): class_exists()
 8 SYSTEMPATH/CodeIgniter.php(486): CodeIgniter\CodeIgniter->startController()
 9 SYSTEMPATH/CodeIgniter.php(368): CodeIgniter\CodeIgniter->handleRequest()
10 FCPATH/index.php(67): CodeIgniter\CodeIgniter->run()
CRITICAL - 2023-04-18 09:32:36 --> require(/var/www/htdocs/project/app/Controllers/vendor/autoload.php): Failed to open stream: No such file or directory
in APPPATH/Controllers/Sign_up.php on line 3.
 1 APPPATH/Controllers/Sign_up.php(3): CodeIgniter\Debug\Exceptions->errorHandler()
 2 APPPATH/Controllers/Sign_up.php(3): require()
 3 SYSTEMPATH/Autoloader/Autoloader.php(312): include_once('APPPATH/Controllers/Sign_up.php')
 4 SYSTEMPATH/Autoloader/Autoloader.php(289): CodeIgniter\Autoloader\Autoloader->includeFile()
 5 SYSTEMPATH/Autoloader/Autoloader.php(267): CodeIgniter\Autoloader\Autoloader->loadInNamespace()
 6 [internal function]: CodeIgniter\Autoloader\Autoloader->loadClass()
 7 SYSTEMPATH/CodeIgniter.php(892): class_exists()
 8 SYSTEMPATH/CodeIgniter.php(486): CodeIgniter\CodeIgniter->startController()
 9 SYSTEMPATH/CodeIgniter.php(368): CodeIgniter\CodeIgniter->handleRequest()
10 FCPATH/index.php(67): CodeIgniter\CodeIgniter->run()
CRITICAL - 2023-04-18 09:34:19 --> require_once(/var/www/htdocs/project/app/vendor/autoload.php): Failed to open stream: No such file or directory
in APPPATH/Controllers/Sign_up.php on line 3.
 1 APPPATH/Controllers/Sign_up.php(3): CodeIgniter\Debug\Exceptions->errorHandler()
 2 APPPATH/Controllers/Sign_up.php(3): require_once()
 3 SYSTEMPATH/Autoloader/Autoloader.php(312): include_once('APPPATH/Controllers/Sign_up.php')
 4 SYSTEMPATH/Autoloader/Autoloader.php(289): CodeIgniter\Autoloader\Autoloader->includeFile()
 5 SYSTEMPATH/Autoloader/Autoloader.php(267): CodeIgniter\Autoloader\Autoloader->loadInNamespace()
 6 [internal function]: CodeIgniter\Autoloader\Autoloader->loadClass()
 7 SYSTEMPATH/CodeIgniter.php(892): class_exists()
 8 SYSTEMPATH/CodeIgniter.php(486): CodeIgniter\CodeIgniter->startController()
 9 SYSTEMPATH/CodeIgniter.php(368): CodeIgniter\CodeIgniter->handleRequest()
10 FCPATH/index.php(67): CodeIgniter\CodeIgniter->run()
CRITICAL - 2023-04-18 09:34:20 --> require_once(/var/www/htdocs/project/app/vendor/autoload.php): Failed to open stream: No such file or directory
in APPPATH/Controllers/Sign_up.php on line 3.
 1 APPPATH/Controllers/Sign_up.php(3): CodeIgniter\Debug\Exceptions->errorHandler()
 2 APPPATH/Controllers/Sign_up.php(3): require_once()
 3 SYSTEMPATH/Autoloader/Autoloader.php(312): include_once('APPPATH/Controllers/Sign_up.php')
 4 SYSTEMPATH/Autoloader/Autoloader.php(289): CodeIgniter\Autoloader\Autoloader->includeFile()
 5 SYSTEMPATH/Autoloader/Autoloader.php(267): CodeIgniter\Autoloader\Autoloader->loadInNamespace()
 6 [internal function]: CodeIgniter\Autoloader\Autoloader->loadClass()
 7 SYSTEMPATH/CodeIgniter.php(892): class_exists()
 8 SYSTEMPATH/CodeIgniter.php(486): CodeIgniter\CodeIgniter->startController()
 9 SYSTEMPATH/CodeIgniter.php(368): CodeIgniter\CodeIgniter->handleRequest()
10 FCPATH/index.php(67): CodeIgniter\CodeIgniter->run()
CRITICAL - 2023-04-18 09:34:21 --> require_once(/var/www/htdocs/project/app/vendor/autoload.php): Failed to open stream: No such file or directory
in APPPATH/Controllers/Sign_up.php on line 3.
 1 APPPATH/Controllers/Sign_up.php(3): CodeIgniter\Debug\Exceptions->errorHandler()
 2 APPPATH/Controllers/Sign_up.php(3): require_once()
 3 SYSTEMPATH/Autoloader/Autoloader.php(312): include_once('APPPATH/Controllers/Sign_up.php')
 4 SYSTEMPATH/Autoloader/Autoloader.php(289): CodeIgniter\Autoloader\Autoloader->includeFile()
 5 SYSTEMPATH/Autoloader/Autoloader.php(267): CodeIgniter\Autoloader\Autoloader->loadInNamespace()
 6 [internal function]: CodeIgniter\Autoloader\Autoloader->loadClass()
 7 SYSTEMPATH/CodeIgniter.php(892): class_exists()
 8 SYSTEMPATH/CodeIgniter.php(486): CodeIgniter\CodeIgniter->startController()
 9 SYSTEMPATH/CodeIgniter.php(368): CodeIgniter\CodeIgniter->handleRequest()
10 FCPATH/index.php(67): CodeIgniter\CodeIgniter->run()
CRITICAL - 2023-04-18 09:34:21 --> require_once(/var/www/htdocs/project/app/vendor/autoload.php): Failed to open stream: No such file or directory
in APPPATH/Controllers/Sign_up.php on line 3.
 1 APPPATH/Controllers/Sign_up.php(3): CodeIgniter\Debug\Exceptions->errorHandler()
 2 APPPATH/Controllers/Sign_up.php(3): require_once()
 3 SYSTEMPATH/Autoloader/Autoloader.php(312): include_once('APPPATH/Controllers/Sign_up.php')
 4 SYSTEMPATH/Autoloader/Autoloader.php(289): CodeIgniter\Autoloader\Autoloader->includeFile()
 5 SYSTEMPATH/Autoloader/Autoloader.php(267): CodeIgniter\Autoloader\Autoloader->loadInNamespace()
 6 [internal function]: CodeIgniter\Autoloader\Autoloader->loadClass()
 7 SYSTEMPATH/CodeIgniter.php(892): class_exists()
 8 SYSTEMPATH/CodeIgniter.php(486): CodeIgniter\CodeIgniter->startController()
 9 SYSTEMPATH/CodeIgniter.php(368): CodeIgniter\CodeIgniter->handleRequest()
10 FCPATH/index.php(67): CodeIgniter\CodeIgniter->run()
CRITICAL - 2023-04-18 09:38:15 --> require_once(/var/www/htdocs/project/app/vendor/autoload.php): Failed to open stream: No such file or directory
in APPPATH/Controllers/Sign_up.php on line 3.
 1 APPPATH/Controllers/Sign_up.php(3): CodeIgniter\Debug\Exceptions->errorHandler()
 2 APPPATH/Controllers/Sign_up.php(3): require_once()
 3 SYSTEMPATH/Autoloader/Autoloader.php(312): include_once('APPPATH/Controllers/Sign_up.php')
 4 SYSTEMPATH/Autoloader/Autoloader.php(289): CodeIgniter\Autoloader\Autoloader->includeFile()
 5 SYSTEMPATH/Autoloader/Autoloader.php(267): CodeIgniter\Autoloader\Autoloader->loadInNamespace()
 6 [internal function]: CodeIgniter\Autoloader\Autoloader->loadClass()
 7 SYSTEMPATH/CodeIgniter.php(892): class_exists()
 8 SYSTEMPATH/CodeIgniter.php(486): CodeIgniter\CodeIgniter->startController()
 9 SYSTEMPATH/CodeIgniter.php(368): CodeIgniter\CodeIgniter->handleRequest()
10 FCPATH/index.php(67): CodeIgniter\CodeIgniter->run()
CRITICAL - 2023-04-18 09:38:16 --> require_once(/var/www/htdocs/project/app/vendor/autoload.php): Failed to open stream: No such file or directory
in APPPATH/Controllers/Sign_up.php on line 3.
 1 APPPATH/Controllers/Sign_up.php(3): CodeIgniter\Debug\Exceptions->errorHandler()
 2 APPPATH/Controllers/Sign_up.php(3): require_once()
 3 SYSTEMPATH/Autoloader/Autoloader.php(312): include_once('APPPATH/Controllers/Sign_up.php')
 4 SYSTEMPATH/Autoloader/Autoloader.php(289): CodeIgniter\Autoloader\Autoloader->includeFile()
 5 SYSTEMPATH/Autoloader/Autoloader.php(267): CodeIgniter\Autoloader\Autoloader->loadInNamespace()
 6 [internal function]: CodeIgniter\Autoloader\Autoloader->loadClass()
 7 SYSTEMPATH/CodeIgniter.php(892): class_exists()
 8 SYSTEMPATH/CodeIgniter.php(486): CodeIgniter\CodeIgniter->startController()
 9 SYSTEMPATH/CodeIgniter.php(368): CodeIgniter\CodeIgniter->handleRequest()
10 FCPATH/index.php(67): CodeIgniter\CodeIgniter->run()
CRITICAL - 2023-04-18 09:38:34 --> require_once(/var/www/htdocs/project/app/vendor/autoload.php): Failed to open stream: No such file or directory
in APPPATH/Controllers/Sign_up.php on line 3.
 1 APPPATH/Controllers/Sign_up.php(3): CodeIgniter\Debug\Exceptions->errorHandler()
 2 APPPATH/Controllers/Sign_up.php(3): require_once()
 3 SYSTEMPATH/Autoloader/Autoloader.php(312): include_once('APPPATH/Controllers/Sign_up.php')
 4 SYSTEMPATH/Autoloader/Autoloader.php(289): CodeIgniter\Autoloader\Autoloader->includeFile()
 5 SYSTEMPATH/Autoloader/Autoloader.php(267): CodeIgniter\Autoloader\Autoloader->loadInNamespace()
 6 [internal function]: CodeIgniter\Autoloader\Autoloader->loadClass()
 7 SYSTEMPATH/CodeIgniter.php(892): class_exists()
 8 SYSTEMPATH/CodeIgniter.php(486): CodeIgniter\CodeIgniter->startController()
 9 SYSTEMPATH/CodeIgniter.php(368): CodeIgniter\CodeIgniter->handleRequest()
10 FCPATH/index.php(67): CodeIgniter\CodeIgniter->run()
CRITICAL - 2023-04-18 09:38:35 --> require_once(/var/www/htdocs/project/app/vendor/autoload.php): Failed to open stream: No such file or directory
in APPPATH/Controllers/Sign_up.php on line 3.
 1 APPPATH/Controllers/Sign_up.php(3): CodeIgniter\Debug\Exceptions->errorHandler()
 2 APPPATH/Controllers/Sign_up.php(3): require_once()
 3 SYSTEMPATH/Autoloader/Autoloader.php(312): include_once('APPPATH/Controllers/Sign_up.php')
 4 SYSTEMPATH/Autoloader/Autoloader.php(289): CodeIgniter\Autoloader\Autoloader->includeFile()
 5 SYSTEMPATH/Autoloader/Autoloader.php(267): CodeIgniter\Autoloader\Autoloader->loadInNamespace()
 6 [internal function]: CodeIgniter\Autoloader\Autoloader->loadClass()
 7 SYSTEMPATH/CodeIgniter.php(892): class_exists()
 8 SYSTEMPATH/CodeIgniter.php(486): CodeIgniter\CodeIgniter->startController()
 9 SYSTEMPATH/CodeIgniter.php(368): CodeIgniter\CodeIgniter->handleRequest()
10 FCPATH/index.php(67): CodeIgniter\CodeIgniter->run()
CRITICAL - 2023-04-18 09:38:35 --> require_once(/var/www/htdocs/project/app/vendor/autoload.php): Failed to open stream: No such file or directory
in APPPATH/Controllers/Sign_up.php on line 3.
 1 APPPATH/Controllers/Sign_up.php(3): CodeIgniter\Debug\Exceptions->errorHandler()
 2 APPPATH/Controllers/Sign_up.php(3): require_once()
 3 SYSTEMPATH/Autoloader/Autoloader.php(312): include_once('APPPATH/Controllers/Sign_up.php')
 4 SYSTEMPATH/Autoloader/Autoloader.php(289): CodeIgniter\Autoloader\Autoloader->includeFile()
 5 SYSTEMPATH/Autoloader/Autoloader.php(267): CodeIgniter\Autoloader\Autoloader->loadInNamespace()
 6 [internal function]: CodeIgniter\Autoloader\Autoloader->loadClass()
 7 SYSTEMPATH/CodeIgniter.php(892): class_exists()
 8 SYSTEMPATH/CodeIgniter.php(486): CodeIgniter\CodeIgniter->startController()
 9 SYSTEMPATH/CodeIgniter.php(368): CodeIgniter\CodeIgniter->handleRequest()
10 FCPATH/index.php(67): CodeIgniter\CodeIgniter->run()
CRITICAL - 2023-04-18 09:38:36 --> require_once(/var/www/htdocs/project/app/vendor/autoload.php): Failed to open stream: No such file or directory
in APPPATH/Controllers/Sign_up.php on line 3.
 1 APPPATH/Controllers/Sign_up.php(3): CodeIgniter\Debug\Exceptions->errorHandler()
 2 APPPATH/Controllers/Sign_up.php(3): require_once()
 3 SYSTEMPATH/Autoloader/Autoloader.php(312): include_once('APPPATH/Controllers/Sign_up.php')
 4 SYSTEMPATH/Autoloader/Autoloader.php(289): CodeIgniter\Autoloader\Autoloader->includeFile()
 5 SYSTEMPATH/Autoloader/Autoloader.php(267): CodeIgniter\Autoloader\Autoloader->loadInNamespace()
 6 [internal function]: CodeIgniter\Autoloader\Autoloader->loadClass()
 7 SYSTEMPATH/CodeIgniter.php(892): class_exists()
 8 SYSTEMPATH/CodeIgniter.php(486): CodeIgniter\CodeIgniter->startController()
 9 SYSTEMPATH/CodeIgniter.php(368): CodeIgniter\CodeIgniter->handleRequest()
10 FCPATH/index.php(67): CodeIgniter\CodeIgniter->run()
CRITICAL - 2023-04-18 09:38:37 --> require_once(/var/www/htdocs/project/app/vendor/autoload.php): Failed to open stream: No such file or directory
in APPPATH/Controllers/Sign_up.php on line 3.
 1 APPPATH/Controllers/Sign_up.php(3): CodeIgniter\Debug\Exceptions->errorHandler()
 2 APPPATH/Controllers/Sign_up.php(3): require_once()
 3 SYSTEMPATH/Autoloader/Autoloader.php(312): include_once('APPPATH/Controllers/Sign_up.php')
 4 SYSTEMPATH/Autoloader/Autoloader.php(289): CodeIgniter\Autoloader\Autoloader->includeFile()
 5 SYSTEMPATH/Autoloader/Autoloader.php(267): CodeIgniter\Autoloader\Autoloader->loadInNamespace()
 6 [internal function]: CodeIgniter\Autoloader\Autoloader->loadClass()
 7 SYSTEMPATH/CodeIgniter.php(892): class_exists()
 8 SYSTEMPATH/CodeIgniter.php(486): CodeIgniter\CodeIgniter->startController()
 9 SYSTEMPATH/CodeIgniter.php(368): CodeIgniter\CodeIgniter->handleRequest()
10 FCPATH/index.php(67): CodeIgniter\CodeIgniter->run()
CRITICAL - 2023-04-18 09:38:37 --> require_once(/var/www/htdocs/project/app/vendor/autoload.php): Failed to open stream: No such file or directory
in APPPATH/Controllers/Sign_up.php on line 3.
 1 APPPATH/Controllers/Sign_up.php(3): CodeIgniter\Debug\Exceptions->errorHandler()
 2 APPPATH/Controllers/Sign_up.php(3): require_once()
 3 SYSTEMPATH/Autoloader/Autoloader.php(312): include_once('APPPATH/Controllers/Sign_up.php')
 4 SYSTEMPATH/Autoloader/Autoloader.php(289): CodeIgniter\Autoloader\Autoloader->includeFile()
 5 SYSTEMPATH/Autoloader/Autoloader.php(267): CodeIgniter\Autoloader\Autoloader->loadInNamespace()
 6 [internal function]: CodeIgniter\Autoloader\Autoloader->loadClass()
 7 SYSTEMPATH/CodeIgniter.php(892): class_exists()
 8 SYSTEMPATH/CodeIgniter.php(486): CodeIgniter\CodeIgniter->startController()
 9 SYSTEMPATH/CodeIgniter.php(368): CodeIgniter\CodeIgniter->handleRequest()
10 FCPATH/index.php(67): CodeIgniter\CodeIgniter->run()
CRITICAL - 2023-04-18 09:38:57 --> require_once(/var/www/htdocs/project/public/vendor/autoload.php): Failed to open stream: No such file or directory
in APPPATH/Controllers/Sign_up.php on line 3.
 1 APPPATH/Controllers/Sign_up.php(3): CodeIgniter\Debug\Exceptions->errorHandler()
 2 APPPATH/Controllers/Sign_up.php(3): require_once()
 3 SYSTEMPATH/Autoloader/Autoloader.php(312): include_once('APPPATH/Controllers/Sign_up.php')
 4 SYSTEMPATH/Autoloader/Autoloader.php(289): CodeIgniter\Autoloader\Autoloader->includeFile()
 5 SYSTEMPATH/Autoloader/Autoloader.php(267): CodeIgniter\Autoloader\Autoloader->loadInNamespace()
 6 [internal function]: CodeIgniter\Autoloader\Autoloader->loadClass()
 7 SYSTEMPATH/CodeIgniter.php(892): class_exists()
 8 SYSTEMPATH/CodeIgniter.php(486): CodeIgniter\CodeIgniter->startController()
 9 SYSTEMPATH/CodeIgniter.php(368): CodeIgniter\CodeIgniter->handleRequest()
10 FCPATH/index.php(67): CodeIgniter\CodeIgniter->run()
CRITICAL - 2023-04-18 09:38:58 --> require_once(/var/www/htdocs/project/public/vendor/autoload.php): Failed to open stream: No such file or directory
in APPPATH/Controllers/Sign_up.php on line 3.
 1 APPPATH/Controllers/Sign_up.php(3): CodeIgniter\Debug\Exceptions->errorHandler()
 2 APPPATH/Controllers/Sign_up.php(3): require_once()
 3 SYSTEMPATH/Autoloader/Autoloader.php(312): include_once('APPPATH/Controllers/Sign_up.php')
 4 SYSTEMPATH/Autoloader/Autoloader.php(289): CodeIgniter\Autoloader\Autoloader->includeFile()
 5 SYSTEMPATH/Autoloader/Autoloader.php(267): CodeIgniter\Autoloader\Autoloader->loadInNamespace()
 6 [internal function]: CodeIgniter\Autoloader\Autoloader->loadClass()
 7 SYSTEMPATH/CodeIgniter.php(892): class_exists()
 8 SYSTEMPATH/CodeIgniter.php(486): CodeIgniter\CodeIgniter->startController()
 9 SYSTEMPATH/CodeIgniter.php(368): CodeIgniter\CodeIgniter->handleRequest()
10 FCPATH/index.php(67): CodeIgniter\CodeIgniter->run()
CRITICAL - 2023-04-18 09:38:59 --> require_once(/var/www/htdocs/project/public/vendor/autoload.php): Failed to open stream: No such file or directory
in APPPATH/Controllers/Sign_up.php on line 3.
 1 APPPATH/Controllers/Sign_up.php(3): CodeIgniter\Debug\Exceptions->errorHandler()
 2 APPPATH/Controllers/Sign_up.php(3): require_once()
 3 SYSTEMPATH/Autoloader/Autoloader.php(312): include_once('APPPATH/Controllers/Sign_up.php')
 4 SYSTEMPATH/Autoloader/Autoloader.php(289): CodeIgniter\Autoloader\Autoloader->includeFile()
 5 SYSTEMPATH/Autoloader/Autoloader.php(267): CodeIgniter\Autoloader\Autoloader->loadInNamespace()
 6 [internal function]: CodeIgniter\Autoloader\Autoloader->loadClass()
 7 SYSTEMPATH/CodeIgniter.php(892): class_exists()
 8 SYSTEMPATH/CodeIgniter.php(486): CodeIgniter\CodeIgniter->startController()
 9 SYSTEMPATH/CodeIgniter.php(368): CodeIgniter\CodeIgniter->handleRequest()
10 FCPATH/index.php(67): CodeIgniter\CodeIgniter->run()
CRITICAL - 2023-04-18 09:57:08 --> require_once(/var/www/htdocs/project/public/vendor/autoload.php): Failed to open stream: No such file or directory
in APPPATH/Controllers/Sign_up.php on line 3.
 1 APPPATH/Controllers/Sign_up.php(3): CodeIgniter\Debug\Exceptions->errorHandler()
 2 APPPATH/Controllers/Sign_up.php(3): require_once()
 3 SYSTEMPATH/Autoloader/Autoloader.php(312): include_once('APPPATH/Controllers/Sign_up.php')
 4 SYSTEMPATH/Autoloader/Autoloader.php(289): CodeIgniter\Autoloader\Autoloader->includeFile()
 5 SYSTEMPATH/Autoloader/Autoloader.php(267): CodeIgniter\Autoloader\Autoloader->loadInNamespace()
 6 [internal function]: CodeIgniter\Autoloader\Autoloader->loadClass()
 7 SYSTEMPATH/CodeIgniter.php(892): class_exists()
 8 SYSTEMPATH/CodeIgniter.php(486): CodeIgniter\CodeIgniter->startController()
 9 SYSTEMPATH/CodeIgniter.php(368): CodeIgniter\CodeIgniter->handleRequest()
10 FCPATH/index.php(67): CodeIgniter\CodeIgniter->run()
CRITICAL - 2023-04-18 09:57:31 --> require(/var/www/htdocs/project/app/Controllers/vendor/autoload.php): Failed to open stream: No such file or directory
in APPPATH/Controllers/Sign_up.php on line 3.
 1 APPPATH/Controllers/Sign_up.php(3): CodeIgniter\Debug\Exceptions->errorHandler()
 2 APPPATH/Controllers/Sign_up.php(3): require()
 3 SYSTEMPATH/Autoloader/Autoloader.php(312): include_once('APPPATH/Controllers/Sign_up.php')
 4 SYSTEMPATH/Autoloader/Autoloader.php(289): CodeIgniter\Autoloader\Autoloader->includeFile()
 5 SYSTEMPATH/Autoloader/Autoloader.php(267): CodeIgniter\Autoloader\Autoloader->loadInNamespace()
 6 [internal function]: CodeIgniter\Autoloader\Autoloader->loadClass()
 7 SYSTEMPATH/CodeIgniter.php(892): class_exists()
 8 SYSTEMPATH/CodeIgniter.php(486): CodeIgniter\CodeIgniter->startController()
 9 SYSTEMPATH/CodeIgniter.php(368): CodeIgniter\CodeIgniter->handleRequest()
10 FCPATH/index.php(67): CodeIgniter\CodeIgniter->run()
CRITICAL - 2023-04-18 09:57:31 --> require(/var/www/htdocs/project/app/Controllers/vendor/autoload.php): Failed to open stream: No such file or directory
in APPPATH/Controllers/Sign_up.php on line 3.
 1 APPPATH/Controllers/Sign_up.php(3): CodeIgniter\Debug\Exceptions->errorHandler()
 2 APPPATH/Controllers/Sign_up.php(3): require()
 3 SYSTEMPATH/Autoloader/Autoloader.php(312): include_once('APPPATH/Controllers/Sign_up.php')
 4 SYSTEMPATH/Autoloader/Autoloader.php(289): CodeIgniter\Autoloader\Autoloader->includeFile()
 5 SYSTEMPATH/Autoloader/Autoloader.php(267): CodeIgniter\Autoloader\Autoloader->loadInNamespace()
 6 [internal function]: CodeIgniter\Autoloader\Autoloader->loadClass()
 7 SYSTEMPATH/CodeIgniter.php(892): class_exists()
 8 SYSTEMPATH/CodeIgniter.php(486): CodeIgniter\CodeIgniter->startController()
 9 SYSTEMPATH/CodeIgniter.php(368): CodeIgniter\CodeIgniter->handleRequest()
10 FCPATH/index.php(67): CodeIgniter\CodeIgniter->run()
CRITICAL - 2023-04-18 09:57:46 --> require(/var/www/htdocs/project/app/Controllers/../vendor/autoload.php): Failed to open stream: No such file or directory
in APPPATH/Controllers/Sign_up.php on line 3.
 1 APPPATH/Controllers/Sign_up.php(3): CodeIgniter\Debug\Exceptions->errorHandler()
 2 APPPATH/Controllers/Sign_up.php(3): require()
 3 SYSTEMPATH/Autoloader/Autoloader.php(312): include_once('APPPATH/Controllers/Sign_up.php')
 4 SYSTEMPATH/Autoloader/Autoloader.php(289): CodeIgniter\Autoloader\Autoloader->includeFile()
 5 SYSTEMPATH/Autoloader/Autoloader.php(267): CodeIgniter\Autoloader\Autoloader->loadInNamespace()
 6 [internal function]: CodeIgniter\Autoloader\Autoloader->loadClass()
 7 SYSTEMPATH/CodeIgniter.php(892): class_exists()
 8 SYSTEMPATH/CodeIgniter.php(486): CodeIgniter\CodeIgniter->startController()
 9 SYSTEMPATH/CodeIgniter.php(368): CodeIgniter\CodeIgniter->handleRequest()
10 FCPATH/index.php(67): CodeIgniter\CodeIgniter->run()
CRITICAL - 2023-04-18 09:57:53 --> require(/var/www/htdocs/project/app/Controllers../vendor/autoload.php): Failed to open stream: No such file or directory
in APPPATH/Controllers/Sign_up.php on line 3.
 1 APPPATH/Controllers/Sign_up.php(3): CodeIgniter\Debug\Exceptions->errorHandler()
 2 APPPATH/Controllers/Sign_up.php(3): require()
 3 SYSTEMPATH/Autoloader/Autoloader.php(312): include_once('APPPATH/Controllers/Sign_up.php')
 4 SYSTEMPATH/Autoloader/Autoloader.php(289): CodeIgniter\Autoloader\Autoloader->includeFile()
 5 SYSTEMPATH/Autoloader/Autoloader.php(267): CodeIgniter\Autoloader\Autoloader->loadInNamespace()
 6 [internal function]: CodeIgniter\Autoloader\Autoloader->loadClass()
 7 SYSTEMPATH/CodeIgniter.php(892): class_exists()
 8 SYSTEMPATH/CodeIgniter.php(486): CodeIgniter\CodeIgniter->startController()
 9 SYSTEMPATH/CodeIgniter.php(368): CodeIgniter\CodeIgniter->handleRequest()
10 FCPATH/index.php(67): CodeIgniter\CodeIgniter->run()
CRITICAL - 2023-04-18 09:57:54 --> require(/var/www/htdocs/project/app/Controllers../vendor/autoload.php): Failed to open stream: No such file or directory
in APPPATH/Controllers/Sign_up.php on line 3.
 1 APPPATH/Controllers/Sign_up.php(3): CodeIgniter\Debug\Exceptions->errorHandler()
 2 APPPATH/Controllers/Sign_up.php(3): require()
 3 SYSTEMPATH/Autoloader/Autoloader.php(312): include_once('APPPATH/Controllers/Sign_up.php')
 4 SYSTEMPATH/Autoloader/Autoloader.php(289): CodeIgniter\Autoloader\Autoloader->includeFile()
 5 SYSTEMPATH/Autoloader/Autoloader.php(267): CodeIgniter\Autoloader\Autoloader->loadInNamespace()
 6 [internal function]: CodeIgniter\Autoloader\Autoloader->loadClass()
 7 SYSTEMPATH/CodeIgniter.php(892): class_exists()
 8 SYSTEMPATH/CodeIgniter.php(486): CodeIgniter\CodeIgniter->startController()
 9 SYSTEMPATH/CodeIgniter.php(368): CodeIgniter\CodeIgniter->handleRequest()
10 FCPATH/index.php(67): CodeIgniter\CodeIgniter->run()
CRITICAL - 2023-04-18 09:58:00 --> require(/var/www/htdocs/project/app/Controllers./vendor/autoload.php): Failed to open stream: No such file or directory
in APPPATH/Controllers/Sign_up.php on line 3.
 1 APPPATH/Controllers/Sign_up.php(3): CodeIgniter\Debug\Exceptions->errorHandler()
 2 APPPATH/Controllers/Sign_up.php(3): require()
 3 SYSTEMPATH/Autoloader/Autoloader.php(312): include_once('APPPATH/Controllers/Sign_up.php')
 4 SYSTEMPATH/Autoloader/Autoloader.php(289): CodeIgniter\Autoloader\Autoloader->includeFile()
 5 SYSTEMPATH/Autoloader/Autoloader.php(267): CodeIgniter\Autoloader\Autoloader->loadInNamespace()
 6 [internal function]: CodeIgniter\Autoloader\Autoloader->loadClass()
 7 SYSTEMPATH/CodeIgniter.php(892): class_exists()
 8 SYSTEMPATH/CodeIgniter.php(486): CodeIgniter\CodeIgniter->startController()
 9 SYSTEMPATH/CodeIgniter.php(368): CodeIgniter\CodeIgniter->handleRequest()
10 FCPATH/index.php(67): CodeIgniter\CodeIgniter->run()
CRITICAL - 2023-04-18 10:01:57 --> Class "App\Controllers\Twilio\Rest\Client" not found
in APPPATH/Controllers/Sign_up.php on line 28.
 1 SYSTEMPATH/CodeIgniter.php(934): App\Controllers\Sign_up->check_sign_up()
 2 SYSTEMPATH/CodeIgniter.php(499): CodeIgniter\CodeIgniter->runController()
 3 SYSTEMPATH/CodeIgniter.php(368): CodeIgniter\CodeIgniter->handleRequest()
 4 FCPATH/index.php(67): CodeIgniter\CodeIgniter->run()
CRITICAL - 2023-04-18 10:11:56 --> require_once(/var/www/htdocs/project/public/vendor/autoload.php): Failed to open stream: No such file or directory
in APPPATH/Controllers/Sign_up.php on line 3.
 1 APPPATH/Controllers/Sign_up.php(3): CodeIgniter\Debug\Exceptions->errorHandler()
 2 APPPATH/Controllers/Sign_up.php(3): require_once()
 3 SYSTEMPATH/Autoloader/Autoloader.php(312): include_once('APPPATH/Controllers/Sign_up.php')
 4 SYSTEMPATH/Autoloader/Autoloader.php(289): CodeIgniter\Autoloader\Autoloader->includeFile()
 5 SYSTEMPATH/Autoloader/Autoloader.php(267): CodeIgniter\Autoloader\Autoloader->loadInNamespace()
 6 [internal function]: CodeIgniter\Autoloader\Autoloader->loadClass()
 7 SYSTEMPATH/CodeIgniter.php(892): class_exists()
 8 SYSTEMPATH/CodeIgniter.php(486): CodeIgniter\CodeIgniter->startController()
 9 SYSTEMPATH/CodeIgniter.php(368): CodeIgniter\CodeIgniter->handleRequest()
10 FCPATH/index.php(67): CodeIgniter\CodeIgniter->run()
ERROR - 2023-04-18 10:14:12 --> mysqli_sql_exception: Duplicate entry 'a' for key 'Users.PRIMARY' in /var/www/htdocs/project/system/Database/MySQLi/Connection.php:295
Stack trace:
#0 /var/www/htdocs/project/system/Database/MySQLi/Connection.php(295): mysqli->query()
#1 /var/www/htdocs/project/system/Database/BaseConnection.php(691): CodeIgniter\Database\MySQLi\Connection->execute()
#2 /var/www/htdocs/project/system/Database/BaseConnection.php(605): CodeIgniter\Database\BaseConnection->simpleQuery()
#3 /var/www/htdocs/project/system/Database/BaseBuilder.php(2309): CodeIgniter\Database\BaseConnection->query()
#4 /var/www/htdocs/project/app/Models/Sign_up_model.php(19): CodeIgniter\Database\BaseBuilder->insert()
#5 /var/www/htdocs/project/app/Controllers/Sign_up.php(22): App\Models\Upload->sign_up()
#6 /var/www/htdocs/project/system/CodeIgniter.php(934): App\Controllers\Sign_up->check_sign_up()
#7 /var/www/htdocs/project/system/CodeIgniter.php(499): CodeIgniter\CodeIgniter->runController()
#8 /var/www/htdocs/project/system/CodeIgniter.php(368): CodeIgniter\CodeIgniter->handleRequest()
#9 /var/www/htdocs/project/public/index.php(67): CodeIgniter\CodeIgniter->run()
#10 {main}
CRITICAL - 2023-04-18 10:14:12 --> Duplicate entry 'a' for key 'Users.PRIMARY'
in SYSTEMPATH/Database/BaseConnection.php on line 645.
 1 SYSTEMPATH/Database/BaseBuilder.php(2309): CodeIgniter\Database\BaseConnection->query()
 2 APPPATH/Models/Sign_up_model.php(19): CodeIgniter\Database\BaseBuilder->insert()
 3 APPPATH/Controllers/Sign_up.php(22): App\Models\Upload->sign_up()
 4 SYSTEMPATH/CodeIgniter.php(934): App\Controllers\Sign_up->check_sign_up()
 5 SYSTEMPATH/CodeIgniter.php(499): CodeIgniter\CodeIgniter->runController()
 6 SYSTEMPATH/CodeIgniter.php(368): CodeIgniter\CodeIgniter->handleRequest()
 7 FCPATH/index.php(67): CodeIgniter\CodeIgniter->run()
CRITICAL - 2023-04-18 10:15:20 --> Class "App\Controllers\Twilio\Rest\Client" not found
in APPPATH/Controllers/Sign_up.php on line 28.
 1 SYSTEMPATH/CodeIgniter.php(934): App\Controllers\Sign_up->check_sign_up()
 2 SYSTEMPATH/CodeIgniter.php(499): CodeIgniter\CodeIgniter->runController()
 3 SYSTEMPATH/CodeIgniter.php(368): CodeIgniter\CodeIgniter->handleRequest()
 4 FCPATH/index.php(67): CodeIgniter\CodeIgniter->run()
ERROR - 2023-04-18 10:19:32 --> mysqli_sql_exception: Duplicate entry 'a' for key 'Users.PRIMARY' in /var/www/htdocs/project/system/Database/MySQLi/Connection.php:295
Stack trace:
#0 /var/www/htdocs/project/system/Database/MySQLi/Connection.php(295): mysqli->query()
#1 /var/www/htdocs/project/system/Database/BaseConnection.php(691): CodeIgniter\Database\MySQLi\Connection->execute()
#2 /var/www/htdocs/project/system/Database/BaseConnection.php(605): CodeIgniter\Database\BaseConnection->simpleQuery()
#3 /var/www/htdocs/project/system/Database/BaseBuilder.php(2309): CodeIgniter\Database\BaseConnection->query()
#4 /var/www/htdocs/project/app/Models/Sign_up_model.php(19): CodeIgniter\Database\BaseBuilder->insert()
#5 /var/www/htdocs/project/app/Controllers/Sign_up.php(22): App\Models\Upload->sign_up()
#6 /var/www/htdocs/project/system/CodeIgniter.php(934): App\Controllers\Sign_up->check_sign_up()
#7 /var/www/htdocs/project/system/CodeIgniter.php(499): CodeIgniter\CodeIgniter->runController()
#8 /var/www/htdocs/project/system/CodeIgniter.php(368): CodeIgniter\CodeIgniter->handleRequest()
#9 /var/www/htdocs/project/public/index.php(67): CodeIgniter\CodeIgniter->run()
#10 {main}
CRITICAL - 2023-04-18 10:19:32 --> Duplicate entry 'a' for key 'Users.PRIMARY'
in SYSTEMPATH/Database/BaseConnection.php on line 645.
 1 SYSTEMPATH/Database/BaseBuilder.php(2309): CodeIgniter\Database\BaseConnection->query()
 2 APPPATH/Models/Sign_up_model.php(19): CodeIgniter\Database\BaseBuilder->insert()
 3 APPPATH/Controllers/Sign_up.php(22): App\Models\Upload->sign_up()
 4 SYSTEMPATH/CodeIgniter.php(934): App\Controllers\Sign_up->check_sign_up()
 5 SYSTEMPATH/CodeIgniter.php(499): CodeIgniter\CodeIgniter->runController()
 6 SYSTEMPATH/CodeIgniter.php(368): CodeIgniter\CodeIgniter->handleRequest()
 7 FCPATH/index.php(67): CodeIgniter\CodeIgniter->run()
CRITICAL - 2023-04-18 10:19:51 --> Class "App\Controllers\Twilio\Rest\Client" not found
in APPPATH/Controllers/Sign_up.php on line 28.
 1 SYSTEMPATH/CodeIgniter.php(934): App\Controllers\Sign_up->check_sign_up()
 2 SYSTEMPATH/CodeIgniter.php(499): CodeIgniter\CodeIgniter->runController()
 3 SYSTEMPATH/CodeIgniter.php(368): CodeIgniter\CodeIgniter->handleRequest()
 4 FCPATH/index.php(67): CodeIgniter\CodeIgniter->run()
ERROR - 2023-04-18 10:29:20 --> mysqli_sql_exception: Duplicate entry 'a' for key 'Users.PRIMARY' in /var/www/htdocs/project/system/Database/MySQLi/Connection.php:295
Stack trace:
#0 /var/www/htdocs/project/system/Database/MySQLi/Connection.php(295): mysqli->query()
#1 /var/www/htdocs/project/system/Database/BaseConnection.php(691): CodeIgniter\Database\MySQLi\Connection->execute()
#2 /var/www/htdocs/project/system/Database/BaseConnection.php(605): CodeIgniter\Database\BaseConnection->simpleQuery()
#3 /var/www/htdocs/project/system/Database/BaseBuilder.php(2309): CodeIgniter\Database\BaseConnection->query()
#4 /var/www/htdocs/project/app/Models/Sign_up_model.php(19): CodeIgniter\Database\BaseBuilder->insert()
#5 /var/www/htdocs/project/app/Controllers/Sign_up.php(23): App\Models\Upload->sign_up()
#6 /var/www/htdocs/project/system/CodeIgniter.php(934): App\Controllers\Sign_up->check_sign_up()
#7 /var/www/htdocs/project/system/CodeIgniter.php(499): CodeIgniter\CodeIgniter->runController()
#8 /var/www/htdocs/project/system/CodeIgniter.php(368): CodeIgniter\CodeIgniter->handleRequest()
#9 /var/www/htdocs/project/public/index.php(67): CodeIgniter\CodeIgniter->run()
#10 {main}
CRITICAL - 2023-04-18 10:29:20 --> Duplicate entry 'a' for key 'Users.PRIMARY'
in SYSTEMPATH/Database/BaseConnection.php on line 645.
 1 SYSTEMPATH/Database/BaseBuilder.php(2309): CodeIgniter\Database\BaseConnection->query()
 2 APPPATH/Models/Sign_up_model.php(19): CodeIgniter\Database\BaseBuilder->insert()
 3 APPPATH/Controllers/Sign_up.php(23): App\Models\Upload->sign_up()
 4 SYSTEMPATH/CodeIgniter.php(934): App\Controllers\Sign_up->check_sign_up()
 5 SYSTEMPATH/CodeIgniter.php(499): CodeIgniter\CodeIgniter->runController()
 6 SYSTEMPATH/CodeIgniter.php(368): CodeIgniter\CodeIgniter->handleRequest()
 7 FCPATH/index.php(67): CodeIgniter\CodeIgniter->run()
ERROR - 2023-04-18 11:21:24 --> mysqli_sql_exception: Duplicate entry 'a' for key 'Users.PRIMARY' in /var/www/htdocs/project/system/Database/MySQLi/Connection.php:295
Stack trace:
#0 /var/www/htdocs/project/system/Database/MySQLi/Connection.php(295): mysqli->query()
#1 /var/www/htdocs/project/system/Database/BaseConnection.php(691): CodeIgniter\Database\MySQLi\Connection->execute()
#2 /var/www/htdocs/project/system/Database/BaseConnection.php(605): CodeIgniter\Database\BaseConnection->simpleQuery()
#3 /var/www/htdocs/project/system/Database/BaseBuilder.php(2309): CodeIgniter\Database\BaseConnection->query()
#4 /var/www/htdocs/project/app/Models/Sign_up_model.php(19): CodeIgniter\Database\BaseBuilder->insert()
#5 /var/www/htdocs/project/app/Controllers/Sign_up.php(23): App\Models\Upload->sign_up()
#6 /var/www/htdocs/project/system/CodeIgniter.php(934): App\Controllers\Sign_up->check_sign_up()
#7 /var/www/htdocs/project/system/CodeIgniter.php(499): CodeIgniter\CodeIgniter->runController()
#8 /var/www/htdocs/project/system/CodeIgniter.php(368): CodeIgniter\CodeIgniter->handleRequest()
#9 /var/www/htdocs/project/public/index.php(67): CodeIgniter\CodeIgniter->run()
#10 {main}
CRITICAL - 2023-04-18 11:21:24 --> Duplicate entry 'a' for key 'Users.PRIMARY'
in SYSTEMPATH/Database/BaseConnection.php on line 645.
 1 SYSTEMPATH/Database/BaseBuilder.php(2309): CodeIgniter\Database\BaseConnection->query()
 2 APPPATH/Models/Sign_up_model.php(19): CodeIgniter\Database\BaseBuilder->insert()
 3 APPPATH/Controllers/Sign_up.php(23): App\Models\Upload->sign_up()
 4 SYSTEMPATH/CodeIgniter.php(934): App\Controllers\Sign_up->check_sign_up()
 5 SYSTEMPATH/CodeIgniter.php(499): CodeIgniter\CodeIgniter->runController()
 6 SYSTEMPATH/CodeIgniter.php(368): CodeIgniter\CodeIgniter->handleRequest()
 7 FCPATH/index.php(67): CodeIgniter\CodeIgniter->run()
CRITICAL - 2023-04-18 12:11:15 --> [HTTP 400] Unable to create record: The 'To' number 490866093 is not a valid phone number.
in VENDORPATH/twilio/sdk/src/Twilio/Version.php on line 88.
 1 VENDORPATH/twilio/sdk/src/Twilio/Version.php(223): Twilio\Version->exception()
 2 VENDORPATH/twilio/sdk/src/Twilio/Rest/Api/V2010/Account/MessageList.php(113): Twilio\Version->create()
 3 APPPATH/Controllers/Sign_up.php(30): Twilio\Rest\Api\V2010\Account\MessageList->create()
 4 SYSTEMPATH/CodeIgniter.php(934): App\Controllers\Sign_up->check_sign_up()
 5 SYSTEMPATH/CodeIgniter.php(499): CodeIgniter\CodeIgniter->runController()
 6 SYSTEMPATH/CodeIgniter.php(368): CodeIgniter\CodeIgniter->handleRequest()
 7 FCPATH/index.php(67): CodeIgniter\CodeIgniter->run()
ERROR - 2023-04-18 12:11:58 --> mysqli_sql_exception: Duplicate entry 'yoki' for key 'Users.PRIMARY' in /var/www/htdocs/project/system/Database/MySQLi/Connection.php:295
Stack trace:
#0 /var/www/htdocs/project/system/Database/MySQLi/Connection.php(295): mysqli->query()
#1 /var/www/htdocs/project/system/Database/BaseConnection.php(691): CodeIgniter\Database\MySQLi\Connection->execute()
#2 /var/www/htdocs/project/system/Database/BaseConnection.php(605): CodeIgniter\Database\BaseConnection->simpleQuery()
#3 /var/www/htdocs/project/system/Database/BaseBuilder.php(2309): CodeIgniter\Database\BaseConnection->query()
#4 /var/www/htdocs/project/app/Models/Sign_up_model.php(19): CodeIgniter\Database\BaseBuilder->insert()
#5 /var/www/htdocs/project/app/Controllers/Sign_up.php(23): App\Models\Upload->sign_up()
#6 /var/www/htdocs/project/system/CodeIgniter.php(934): App\Controllers\Sign_up->check_sign_up()
#7 /var/www/htdocs/project/system/CodeIgniter.php(499): CodeIgniter\CodeIgniter->runController()
#8 /var/www/htdocs/project/system/CodeIgniter.php(368): CodeIgniter\CodeIgniter->handleRequest()
#9 /var/www/htdocs/project/public/index.php(67): CodeIgniter\CodeIgniter->run()
#10 {main}
CRITICAL - 2023-04-18 12:11:58 --> Duplicate entry 'yoki' for key 'Users.PRIMARY'
in SYSTEMPATH/Database/BaseConnection.php on line 645.
 1 SYSTEMPATH/Database/BaseBuilder.php(2309): CodeIgniter\Database\BaseConnection->query()
 2 APPPATH/Models/Sign_up_model.php(19): CodeIgniter\Database\BaseBuilder->insert()
 3 APPPATH/Controllers/Sign_up.php(23): App\Models\Upload->sign_up()
 4 SYSTEMPATH/CodeIgniter.php(934): App\Controllers\Sign_up->check_sign_up()
 5 SYSTEMPATH/CodeIgniter.php(499): CodeIgniter\CodeIgniter->runController()
 6 SYSTEMPATH/CodeIgniter.php(368): CodeIgniter\CodeIgniter->handleRequest()
 7 FCPATH/index.php(67): CodeIgniter\CodeIgniter->run()
CRITICAL - 2023-04-18 13:29:20 --> Undefined variable $all_courses
in APPPATH/Views/profile.php on line 25.
 1 APPPATH/Views/profile.php(25): CodeIgniter\Debug\Exceptions->errorHandler()
 2 SYSTEMPATH/View/View.php(213): include('APPPATH/Views/profile.php')
 3 SYSTEMPATH/View/View.php(216): CodeIgniter\View\View->CodeIgniter\View\{closure}()
 4 SYSTEMPATH/Common.php(1184): CodeIgniter\View\View->render()
 5 APPPATH/Controllers/Login.php(93): view()
 6 SYSTEMPATH/CodeIgniter.php(934): App\Controllers\Login->profile()
 7 SYSTEMPATH/CodeIgniter.php(499): CodeIgniter\CodeIgniter->runController()
 8 SYSTEMPATH/CodeIgniter.php(368): CodeIgniter\CodeIgniter->handleRequest()
 9 FCPATH/index.php(67): CodeIgniter\CodeIgniter->run()
CRITICAL - 2023-04-18 13:41:43 --> Undefined variable $courses
in APPPATH/Views/main.php on line 9.
 1 APPPATH/Views/main.php(9): CodeIgniter\Debug\Exceptions->errorHandler()
 2 SYSTEMPATH/View/View.php(213): include('APPPATH/Views/main.php')
 3 SYSTEMPATH/View/View.php(216): CodeIgniter\View\View->CodeIgniter\View\{closure}()
 4 SYSTEMPATH/Common.php(1184): CodeIgniter\View\View->render()
 5 APPPATH/Controllers/Login.php(92): view()
 6 SYSTEMPATH/CodeIgniter.php(934): App\Controllers\Login->profile()
 7 SYSTEMPATH/CodeIgniter.php(499): CodeIgniter\CodeIgniter->runController()
 8 SYSTEMPATH/CodeIgniter.php(368): CodeIgniter\CodeIgniter->handleRequest()
 9 FCPATH/index.php(67): CodeIgniter\CodeIgniter->run()
CRITICAL - 2023-04-18 13:43:41 --> Undefined variable $courses
in APPPATH/Views/main.php on line 9.
 1 APPPATH/Views/main.php(9): CodeIgniter\Debug\Exceptions->errorHandler()
 2 SYSTEMPATH/View/View.php(213): include('APPPATH/Views/main.php')
 3 SYSTEMPATH/View/View.php(216): CodeIgniter\View\View->CodeIgniter\View\{closure}()
 4 SYSTEMPATH/Common.php(1184): CodeIgniter\View\View->render()
 5 APPPATH/Controllers/Login.php(95): view()
 6 SYSTEMPATH/CodeIgniter.php(934): App\Controllers\Login->profile()
 7 SYSTEMPATH/CodeIgniter.php(499): CodeIgniter\CodeIgniter->runController()
 8 SYSTEMPATH/CodeIgniter.php(368): CodeIgniter\CodeIgniter->handleRequest()
 9 FCPATH/index.php(67): CodeIgniter\CodeIgniter->run()
CRITICAL - 2023-04-18 13:43:42 --> Undefined variable $courses
in APPPATH/Views/main.php on line 9.
 1 APPPATH/Views/main.php(9): CodeIgniter\Debug\Exceptions->errorHandler()
 2 SYSTEMPATH/View/View.php(213): include('APPPATH/Views/main.php')
 3 SYSTEMPATH/View/View.php(216): CodeIgniter\View\View->CodeIgniter\View\{closure}()
 4 SYSTEMPATH/Common.php(1184): CodeIgniter\View\View->render()
 5 APPPATH/Controllers/Login.php(95): view()
 6 SYSTEMPATH/CodeIgniter.php(934): App\Controllers\Login->profile()
 7 SYSTEMPATH/CodeIgniter.php(499): CodeIgniter\CodeIgniter->runController()
 8 SYSTEMPATH/CodeIgniter.php(368): CodeIgniter\CodeIgniter->handleRequest()
 9 FCPATH/index.php(67): CodeIgniter\CodeIgniter->run()
CRITICAL - 2023-04-18 13:43:42 --> Undefined variable $courses
in APPPATH/Views/main.php on line 9.
 1 APPPATH/Views/main.php(9): CodeIgniter\Debug\Exceptions->errorHandler()
 2 SYSTEMPATH/View/View.php(213): include('APPPATH/Views/main.php')
 3 SYSTEMPATH/View/View.php(216): CodeIgniter\View\View->CodeIgniter\View\{closure}()
 4 SYSTEMPATH/Common.php(1184): CodeIgniter\View\View->render()
 5 APPPATH/Controllers/Login.php(95): view()
 6 SYSTEMPATH/CodeIgniter.php(934): App\Controllers\Login->profile()
 7 SYSTEMPATH/CodeIgniter.php(499): CodeIgniter\CodeIgniter->runController()
 8 SYSTEMPATH/CodeIgniter.php(368): CodeIgniter\CodeIgniter->handleRequest()
 9 FCPATH/index.php(67): CodeIgniter\CodeIgniter->run()
CRITICAL - 2023-04-18 13:43:43 --> Undefined variable $courses
in APPPATH/Views/main.php on line 9.
 1 APPPATH/Views/main.php(9): CodeIgniter\Debug\Exceptions->errorHandler()
 2 SYSTEMPATH/View/View.php(213): include('APPPATH/Views/main.php')
 3 SYSTEMPATH/View/View.php(216): CodeIgniter\View\View->CodeIgniter\View\{closure}()
 4 SYSTEMPATH/Common.php(1184): CodeIgniter\View\View->render()
 5 APPPATH/Controllers/Login.php(95): view()
 6 SYSTEMPATH/CodeIgniter.php(934): App\Controllers\Login->profile()
 7 SYSTEMPATH/CodeIgniter.php(499): CodeIgniter\CodeIgniter->runController()
 8 SYSTEMPATH/CodeIgniter.php(368): CodeIgniter\CodeIgniter->handleRequest()
 9 FCPATH/index.php(67): CodeIgniter\CodeIgniter->run()
CRITICAL - 2023-04-18 13:43:44 --> Undefined variable $courses
in APPPATH/Views/main.php on line 9.
 1 APPPATH/Views/main.php(9): CodeIgniter\Debug\Exceptions->errorHandler()
 2 SYSTEMPATH/View/View.php(213): include('APPPATH/Views/main.php')
 3 SYSTEMPATH/View/View.php(216): CodeIgniter\View\View->CodeIgniter\View\{closure}()
 4 SYSTEMPATH/Common.php(1184): CodeIgniter\View\View->render()
 5 APPPATH/Controllers/Login.php(95): view()
 6 SYSTEMPATH/CodeIgniter.php(934): App\Controllers\Login->profile()
 7 SYSTEMPATH/CodeIgniter.php(499): CodeIgniter\CodeIgniter->runController()
 8 SYSTEMPATH/CodeIgniter.php(368): CodeIgniter\CodeIgniter->handleRequest()
 9 FCPATH/index.php(67): CodeIgniter\CodeIgniter->run()
