CRITICAL - 2023-05-13 02:49:30 --> Call to undefined method CodeIgniter\Database\MySQLi\Connection::insert_id()
in APPPATH/Models/Upload_model.php on line 17.
 1 APPPATH/Controllers/Login.php(274): App\Models\Upload->upload()
 2 SYSTEMPATH/CodeIgniter.php(934): App\Controllers\Login->upload_file()
 3 SYSTEMPATH/CodeIgniter.php(499): CodeIgniter\CodeIgniter->runController()
 4 SYSTEMPATH/CodeIgniter.php(368): CodeIgniter\CodeIgniter->handleRequest()
 5 FCPATH/index.php(67): CodeIgniter\CodeIgniter->run()
CRITICAL - 2023-05-13 02:51:10 --> Call to undefined method CodeIgniter\Database\MySQLi\Connection::insert_id()
in APPPATH/Models/Upload_model.php on line 17.
 1 APPPATH/Controllers/Login.php(274): App\Models\Upload->upload()
 2 SYSTEMPATH/CodeIgniter.php(934): App\Controllers\Login->upload_file()
 3 SYSTEMPATH/CodeIgniter.php(499): CodeIgniter\CodeIgniter->runController()
 4 SYSTEMPATH/CodeIgniter.php(368): CodeIgniter\CodeIgniter->handleRequest()
 5 FCPATH/index.php(67): CodeIgniter\CodeIgniter->run()
CRITICAL - 2023-05-13 02:52:13 --> Call to undefined method CodeIgniter\Database\MySQLi\Connection::insert_id()
in APPPATH/Models/Upload_model.php on line 17.
 1 APPPATH/Controllers/Login.php(274): App\Models\Upload->upload()
 2 SYSTEMPATH/CodeIgniter.php(934): App\Controllers\Login->upload_file()
 3 SYSTEMPATH/CodeIgniter.php(499): CodeIgniter\CodeIgniter->runController()
 4 SYSTEMPATH/CodeIgniter.php(368): CodeIgniter\CodeIgniter->handleRequest()
 5 FCPATH/index.php(67): CodeIgniter\CodeIgniter->run()
CRITICAL - 2023-05-13 02:52:34 --> Call to undefined method CodeIgniter\Database\MySQLi\Builder::insert_id()
in APPPATH/Models/Upload_model.php on line 17.
 1 APPPATH/Controllers/Login.php(274): App\Models\Upload->upload()
 2 SYSTEMPATH/CodeIgniter.php(934): App\Controllers\Login->upload_file()
 3 SYSTEMPATH/CodeIgniter.php(499): CodeIgniter\CodeIgniter->runController()
 4 SYSTEMPATH/CodeIgniter.php(368): CodeIgniter\CodeIgniter->handleRequest()
 5 FCPATH/index.php(67): CodeIgniter\CodeIgniter->run()
CRITICAL - 2023-05-13 02:53:53 --> Call to undefined method CodeIgniter\Database\MySQLi\Builder::insert_id()
in APPPATH/Models/Upload_model.php on line 17.
 1 APPPATH/Controllers/Login.php(274): App\Models\Upload->upload()
 2 SYSTEMPATH/CodeIgniter.php(934): App\Controllers\Login->upload_file()
 3 SYSTEMPATH/CodeIgniter.php(499): CodeIgniter\CodeIgniter->runController()
 4 SYSTEMPATH/CodeIgniter.php(368): CodeIgniter\CodeIgniter->handleRequest()
 5 FCPATH/index.php(67): CodeIgniter\CodeIgniter->run()
CRITICAL - 2023-05-13 02:54:30 --> Call to undefined method CodeIgniter\Database\MySQLi\Builder::insert_id()
in APPPATH/Models/Upload_model.php on line 17.
 1 APPPATH/Controllers/Login.php(274): App\Models\Upload->upload()
 2 SYSTEMPATH/CodeIgniter.php(934): App\Controllers\Login->upload_file()
 3 SYSTEMPATH/CodeIgniter.php(499): CodeIgniter\CodeIgniter->runController()
 4 SYSTEMPATH/CodeIgniter.php(368): CodeIgniter\CodeIgniter->handleRequest()
 5 FCPATH/index.php(67): CodeIgniter\CodeIgniter->run()
CRITICAL - 2023-05-13 02:56:02 --> Call to undefined method CodeIgniter\Database\MySQLi\Builder::insert_id()
in APPPATH/Models/Upload_model.php on line 17.
 1 APPPATH/Controllers/Login.php(274): App\Models\Upload->upload()
 2 SYSTEMPATH/CodeIgniter.php(934): App\Controllers\Login->upload_file()
 3 SYSTEMPATH/CodeIgniter.php(499): CodeIgniter\CodeIgniter->runController()
 4 SYSTEMPATH/CodeIgniter.php(368): CodeIgniter\CodeIgniter->handleRequest()
 5 FCPATH/index.php(67): CodeIgniter\CodeIgniter->run()
CRITICAL - 2023-05-13 03:25:47 --> Undefined variable $fileId
in APPPATH/Controllers/Login.php on line 215.
 1 APPPATH/Controllers/Login.php(215): CodeIgniter\Debug\Exceptions->errorHandler()
 2 APPPATH/Controllers/Login.php(206): App\Controllers\Login->post_files()
 3 SYSTEMPATH/CodeIgniter.php(934): App\Controllers\Login->check_post()
 4 SYSTEMPATH/CodeIgniter.php(499): CodeIgniter\CodeIgniter->runController()
 5 SYSTEMPATH/CodeIgniter.php(368): CodeIgniter\CodeIgniter->handleRequest()
 6 FCPATH/index.php(67): CodeIgniter\CodeIgniter->run()
CRITICAL - 2023-05-13 03:26:37 --> Undefined variable $fileId
in APPPATH/Controllers/Login.php on line 215.
 1 APPPATH/Controllers/Login.php(215): CodeIgniter\Debug\Exceptions->errorHandler()
 2 SYSTEMPATH/CodeIgniter.php(934): App\Controllers\Login->post_files()
 3 SYSTEMPATH/CodeIgniter.php(499): CodeIgniter\CodeIgniter->runController()
 4 SYSTEMPATH/CodeIgniter.php(368): CodeIgniter\CodeIgniter->handleRequest()
 5 FCPATH/index.php(67): CodeIgniter\CodeIgniter->run()
CRITICAL - 2023-05-13 03:27:10 --> Too few arguments to function App\Controllers\Login::post_files(), 0 passed in /var/www/htdocs/project/system/CodeIgniter.php on line 934 and exactly 1 expected
in APPPATH/Controllers/Login.php on line 213.
 1 SYSTEMPATH/CodeIgniter.php(934): App\Controllers\Login->post_files()
 2 SYSTEMPATH/CodeIgniter.php(499): CodeIgniter\CodeIgniter->runController()
 3 SYSTEMPATH/CodeIgniter.php(368): CodeIgniter\CodeIgniter->handleRequest()
 4 FCPATH/index.php(67): CodeIgniter\CodeIgniter->run()
ERROR - 2023-05-13 11:28:35 --> mysqli_sql_exception: Operand should contain 1 column(s) in /var/www/htdocs/project/system/Database/MySQLi/Connection.php:295
Stack trace:
#0 /var/www/htdocs/project/system/Database/MySQLi/Connection.php(295): mysqli->query()
#1 /var/www/htdocs/project/system/Database/BaseConnection.php(691): CodeIgniter\Database\MySQLi\Connection->execute()
#2 /var/www/htdocs/project/system/Database/BaseConnection.php(605): CodeIgniter\Database\BaseConnection->simpleQuery()
#3 /var/www/htdocs/project/system/Database/BaseBuilder.php(1616): CodeIgniter\Database\BaseConnection->query()
#4 /var/www/htdocs/project/app/Models/Post_model.php(89): CodeIgniter\Database\BaseBuilder->get()
#5 /var/www/htdocs/project/app/Controllers/Login.php(259): App\Models\Post->getFiles()
#6 /var/www/htdocs/project/system/CodeIgniter.php(934): App\Controllers\Login->show_comment()
#7 /var/www/htdocs/project/system/CodeIgniter.php(499): CodeIgniter\CodeIgniter->runController()
#8 /var/www/htdocs/project/system/CodeIgniter.php(368): CodeIgniter\CodeIgniter->handleRequest()
#9 /var/www/htdocs/project/public/index.php(67): CodeIgniter\CodeIgniter->run()
#10 {main}
CRITICAL - 2023-05-13 11:28:35 --> Operand should contain 1 column(s)
in SYSTEMPATH/Database/BaseConnection.php on line 645.
 1 SYSTEMPATH/Database/BaseBuilder.php(1616): CodeIgniter\Database\BaseConnection->query()
 2 APPPATH/Models/Post_model.php(89): CodeIgniter\Database\BaseBuilder->get()
 3 APPPATH/Controllers/Login.php(259): App\Models\Post->getFiles()
 4 SYSTEMPATH/CodeIgniter.php(934): App\Controllers\Login->show_comment()
 5 SYSTEMPATH/CodeIgniter.php(499): CodeIgniter\CodeIgniter->runController()
 6 SYSTEMPATH/CodeIgniter.php(368): CodeIgniter\CodeIgniter->handleRequest()
 7 FCPATH/index.php(67): CodeIgniter\CodeIgniter->run()
ERROR - 2023-05-13 11:28:42 --> mysqli_sql_exception: Operand should contain 1 column(s) in /var/www/htdocs/project/system/Database/MySQLi/Connection.php:295
Stack trace:
#0 /var/www/htdocs/project/system/Database/MySQLi/Connection.php(295): mysqli->query()
#1 /var/www/htdocs/project/system/Database/BaseConnection.php(691): CodeIgniter\Database\MySQLi\Connection->execute()
#2 /var/www/htdocs/project/system/Database/BaseConnection.php(605): CodeIgniter\Database\BaseConnection->simpleQuery()
#3 /var/www/htdocs/project/system/Database/BaseBuilder.php(1616): CodeIgniter\Database\BaseConnection->query()
#4 /var/www/htdocs/project/app/Models/Post_model.php(89): CodeIgniter\Database\BaseBuilder->get()
#5 /var/www/htdocs/project/app/Controllers/Login.php(259): App\Models\Post->getFiles()
#6 /var/www/htdocs/project/system/CodeIgniter.php(934): App\Controllers\Login->show_comment()
#7 /var/www/htdocs/project/system/CodeIgniter.php(499): CodeIgniter\CodeIgniter->runController()
#8 /var/www/htdocs/project/system/CodeIgniter.php(368): CodeIgniter\CodeIgniter->handleRequest()
#9 /var/www/htdocs/project/public/index.php(67): CodeIgniter\CodeIgniter->run()
#10 {main}
CRITICAL - 2023-05-13 11:28:42 --> Operand should contain 1 column(s)
in SYSTEMPATH/Database/BaseConnection.php on line 645.
 1 SYSTEMPATH/Database/BaseBuilder.php(1616): CodeIgniter\Database\BaseConnection->query()
 2 APPPATH/Models/Post_model.php(89): CodeIgniter\Database\BaseBuilder->get()
 3 APPPATH/Controllers/Login.php(259): App\Models\Post->getFiles()
 4 SYSTEMPATH/CodeIgniter.php(934): App\Controllers\Login->show_comment()
 5 SYSTEMPATH/CodeIgniter.php(499): CodeIgniter\CodeIgniter->runController()
 6 SYSTEMPATH/CodeIgniter.php(368): CodeIgniter\CodeIgniter->handleRequest()
 7 FCPATH/index.php(67): CodeIgniter\CodeIgniter->run()
ERROR - 2023-05-13 11:40:11 --> mysqli_sql_exception: Operand should contain 1 column(s) in /var/www/htdocs/project/system/Database/MySQLi/Connection.php:295
Stack trace:
#0 /var/www/htdocs/project/system/Database/MySQLi/Connection.php(295): mysqli->query()
#1 /var/www/htdocs/project/system/Database/BaseConnection.php(691): CodeIgniter\Database\MySQLi\Connection->execute()
#2 /var/www/htdocs/project/system/Database/BaseConnection.php(605): CodeIgniter\Database\BaseConnection->simpleQuery()
#3 /var/www/htdocs/project/system/Database/BaseBuilder.php(1616): CodeIgniter\Database\BaseConnection->query()
#4 /var/www/htdocs/project/app/Models/Post_model.php(89): CodeIgniter\Database\BaseBuilder->get()
#5 /var/www/htdocs/project/app/Controllers/Login.php(258): App\Models\Post->getFiles()
#6 /var/www/htdocs/project/system/CodeIgniter.php(934): App\Controllers\Login->show_comment()
#7 /var/www/htdocs/project/system/CodeIgniter.php(499): CodeIgniter\CodeIgniter->runController()
#8 /var/www/htdocs/project/system/CodeIgniter.php(368): CodeIgniter\CodeIgniter->handleRequest()
#9 /var/www/htdocs/project/public/index.php(67): CodeIgniter\CodeIgniter->run()
#10 {main}
CRITICAL - 2023-05-13 11:40:11 --> Operand should contain 1 column(s)
in SYSTEMPATH/Database/BaseConnection.php on line 645.
 1 SYSTEMPATH/Database/BaseBuilder.php(1616): CodeIgniter\Database\BaseConnection->query()
 2 APPPATH/Models/Post_model.php(89): CodeIgniter\Database\BaseBuilder->get()
 3 APPPATH/Controllers/Login.php(258): App\Models\Post->getFiles()
 4 SYSTEMPATH/CodeIgniter.php(934): App\Controllers\Login->show_comment()
 5 SYSTEMPATH/CodeIgniter.php(499): CodeIgniter\CodeIgniter->runController()
 6 SYSTEMPATH/CodeIgniter.php(368): CodeIgniter\CodeIgniter->handleRequest()
 7 FCPATH/index.php(67): CodeIgniter\CodeIgniter->run()
ERROR - 2023-05-13 11:41:31 --> mysqli_sql_exception: Operand should contain 1 column(s) in /var/www/htdocs/project/system/Database/MySQLi/Connection.php:295
Stack trace:
#0 /var/www/htdocs/project/system/Database/MySQLi/Connection.php(295): mysqli->query()
#1 /var/www/htdocs/project/system/Database/BaseConnection.php(691): CodeIgniter\Database\MySQLi\Connection->execute()
#2 /var/www/htdocs/project/system/Database/BaseConnection.php(605): CodeIgniter\Database\BaseConnection->simpleQuery()
#3 /var/www/htdocs/project/system/Database/BaseBuilder.php(1616): CodeIgniter\Database\BaseConnection->query()
#4 /var/www/htdocs/project/app/Models/Post_model.php(89): CodeIgniter\Database\BaseBuilder->get()
#5 /var/www/htdocs/project/app/Controllers/Login.php(258): App\Models\Post->getFiles()
#6 /var/www/htdocs/project/system/CodeIgniter.php(934): App\Controllers\Login->show_comment()
#7 /var/www/htdocs/project/system/CodeIgniter.php(499): CodeIgniter\CodeIgniter->runController()
#8 /var/www/htdocs/project/system/CodeIgniter.php(368): CodeIgniter\CodeIgniter->handleRequest()
#9 /var/www/htdocs/project/public/index.php(67): CodeIgniter\CodeIgniter->run()
#10 {main}
CRITICAL - 2023-05-13 11:41:31 --> Operand should contain 1 column(s)
in SYSTEMPATH/Database/BaseConnection.php on line 645.
 1 SYSTEMPATH/Database/BaseBuilder.php(1616): CodeIgniter\Database\BaseConnection->query()
 2 APPPATH/Models/Post_model.php(89): CodeIgniter\Database\BaseBuilder->get()
 3 APPPATH/Controllers/Login.php(258): App\Models\Post->getFiles()
 4 SYSTEMPATH/CodeIgniter.php(934): App\Controllers\Login->show_comment()
 5 SYSTEMPATH/CodeIgniter.php(499): CodeIgniter\CodeIgniter->runController()
 6 SYSTEMPATH/CodeIgniter.php(368): CodeIgniter\CodeIgniter->handleRequest()
 7 FCPATH/index.php(67): CodeIgniter\CodeIgniter->run()
ERROR - 2023-05-13 11:58:46 --> mysqli_sql_exception: Operand should contain 1 column(s) in /var/www/htdocs/project/system/Database/MySQLi/Connection.php:295
Stack trace:
#0 /var/www/htdocs/project/system/Database/MySQLi/Connection.php(295): mysqli->query()
#1 /var/www/htdocs/project/system/Database/BaseConnection.php(691): CodeIgniter\Database\MySQLi\Connection->execute()
#2 /var/www/htdocs/project/system/Database/BaseConnection.php(605): CodeIgniter\Database\BaseConnection->simpleQuery()
#3 /var/www/htdocs/project/system/Database/BaseBuilder.php(1616): CodeIgniter\Database\BaseConnection->query()
#4 /var/www/htdocs/project/app/Models/Post_model.php(89): CodeIgniter\Database\BaseBuilder->get()
#5 /var/www/htdocs/project/app/Controllers/Login.php(258): App\Models\Post->getFiles()
#6 /var/www/htdocs/project/system/CodeIgniter.php(934): App\Controllers\Login->show_comment()
#7 /var/www/htdocs/project/system/CodeIgniter.php(499): CodeIgniter\CodeIgniter->runController()
#8 /var/www/htdocs/project/system/CodeIgniter.php(368): CodeIgniter\CodeIgniter->handleRequest()
#9 /var/www/htdocs/project/public/index.php(67): CodeIgniter\CodeIgniter->run()
#10 {main}
CRITICAL - 2023-05-13 11:58:46 --> Operand should contain 1 column(s)
in SYSTEMPATH/Database/BaseConnection.php on line 645.
 1 SYSTEMPATH/Database/BaseBuilder.php(1616): CodeIgniter\Database\BaseConnection->query()
 2 APPPATH/Models/Post_model.php(89): CodeIgniter\Database\BaseBuilder->get()
 3 APPPATH/Controllers/Login.php(258): App\Models\Post->getFiles()
 4 SYSTEMPATH/CodeIgniter.php(934): App\Controllers\Login->show_comment()
 5 SYSTEMPATH/CodeIgniter.php(499): CodeIgniter\CodeIgniter->runController()
 6 SYSTEMPATH/CodeIgniter.php(368): CodeIgniter\CodeIgniter->handleRequest()
 7 FCPATH/index.php(67): CodeIgniter\CodeIgniter->run()
ERROR - 2023-05-13 11:58:50 --> mysqli_sql_exception: Operand should contain 1 column(s) in /var/www/htdocs/project/system/Database/MySQLi/Connection.php:295
Stack trace:
#0 /var/www/htdocs/project/system/Database/MySQLi/Connection.php(295): mysqli->query()
#1 /var/www/htdocs/project/system/Database/BaseConnection.php(691): CodeIgniter\Database\MySQLi\Connection->execute()
#2 /var/www/htdocs/project/system/Database/BaseConnection.php(605): CodeIgniter\Database\BaseConnection->simpleQuery()
#3 /var/www/htdocs/project/system/Database/BaseBuilder.php(1616): CodeIgniter\Database\BaseConnection->query()
#4 /var/www/htdocs/project/app/Models/Post_model.php(89): CodeIgniter\Database\BaseBuilder->get()
#5 /var/www/htdocs/project/app/Controllers/Login.php(258): App\Models\Post->getFiles()
#6 /var/www/htdocs/project/system/CodeIgniter.php(934): App\Controllers\Login->show_comment()
#7 /var/www/htdocs/project/system/CodeIgniter.php(499): CodeIgniter\CodeIgniter->runController()
#8 /var/www/htdocs/project/system/CodeIgniter.php(368): CodeIgniter\CodeIgniter->handleRequest()
#9 /var/www/htdocs/project/public/index.php(67): CodeIgniter\CodeIgniter->run()
#10 {main}
CRITICAL - 2023-05-13 11:58:50 --> Operand should contain 1 column(s)
in SYSTEMPATH/Database/BaseConnection.php on line 645.
 1 SYSTEMPATH/Database/BaseBuilder.php(1616): CodeIgniter\Database\BaseConnection->query()
 2 APPPATH/Models/Post_model.php(89): CodeIgniter\Database\BaseBuilder->get()
 3 APPPATH/Controllers/Login.php(258): App\Models\Post->getFiles()
 4 SYSTEMPATH/CodeIgniter.php(934): App\Controllers\Login->show_comment()
 5 SYSTEMPATH/CodeIgniter.php(499): CodeIgniter\CodeIgniter->runController()
 6 SYSTEMPATH/CodeIgniter.php(368): CodeIgniter\CodeIgniter->handleRequest()
 7 FCPATH/index.php(67): CodeIgniter\CodeIgniter->run()
ERROR - 2023-05-13 11:58:51 --> mysqli_sql_exception: Operand should contain 1 column(s) in /var/www/htdocs/project/system/Database/MySQLi/Connection.php:295
Stack trace:
#0 /var/www/htdocs/project/system/Database/MySQLi/Connection.php(295): mysqli->query()
#1 /var/www/htdocs/project/system/Database/BaseConnection.php(691): CodeIgniter\Database\MySQLi\Connection->execute()
#2 /var/www/htdocs/project/system/Database/BaseConnection.php(605): CodeIgniter\Database\BaseConnection->simpleQuery()
#3 /var/www/htdocs/project/system/Database/BaseBuilder.php(1616): CodeIgniter\Database\BaseConnection->query()
#4 /var/www/htdocs/project/app/Models/Post_model.php(89): CodeIgniter\Database\BaseBuilder->get()
#5 /var/www/htdocs/project/app/Controllers/Login.php(258): App\Models\Post->getFiles()
#6 /var/www/htdocs/project/system/CodeIgniter.php(934): App\Controllers\Login->show_comment()
#7 /var/www/htdocs/project/system/CodeIgniter.php(499): CodeIgniter\CodeIgniter->runController()
#8 /var/www/htdocs/project/system/CodeIgniter.php(368): CodeIgniter\CodeIgniter->handleRequest()
#9 /var/www/htdocs/project/public/index.php(67): CodeIgniter\CodeIgniter->run()
#10 {main}
CRITICAL - 2023-05-13 11:58:51 --> Operand should contain 1 column(s)
in SYSTEMPATH/Database/BaseConnection.php on line 645.
 1 SYSTEMPATH/Database/BaseBuilder.php(1616): CodeIgniter\Database\BaseConnection->query()
 2 APPPATH/Models/Post_model.php(89): CodeIgniter\Database\BaseBuilder->get()
 3 APPPATH/Controllers/Login.php(258): App\Models\Post->getFiles()
 4 SYSTEMPATH/CodeIgniter.php(934): App\Controllers\Login->show_comment()
 5 SYSTEMPATH/CodeIgniter.php(499): CodeIgniter\CodeIgniter->runController()
 6 SYSTEMPATH/CodeIgniter.php(368): CodeIgniter\CodeIgniter->handleRequest()
 7 FCPATH/index.php(67): CodeIgniter\CodeIgniter->run()
ERROR - 2023-05-13 11:58:51 --> mysqli_sql_exception: Operand should contain 1 column(s) in /var/www/htdocs/project/system/Database/MySQLi/Connection.php:295
Stack trace:
#0 /var/www/htdocs/project/system/Database/MySQLi/Connection.php(295): mysqli->query()
#1 /var/www/htdocs/project/system/Database/BaseConnection.php(691): CodeIgniter\Database\MySQLi\Connection->execute()
#2 /var/www/htdocs/project/system/Database/BaseConnection.php(605): CodeIgniter\Database\BaseConnection->simpleQuery()
#3 /var/www/htdocs/project/system/Database/BaseBuilder.php(1616): CodeIgniter\Database\BaseConnection->query()
#4 /var/www/htdocs/project/app/Models/Post_model.php(89): CodeIgniter\Database\BaseBuilder->get()
#5 /var/www/htdocs/project/app/Controllers/Login.php(258): App\Models\Post->getFiles()
#6 /var/www/htdocs/project/system/CodeIgniter.php(934): App\Controllers\Login->show_comment()
#7 /var/www/htdocs/project/system/CodeIgniter.php(499): CodeIgniter\CodeIgniter->runController()
#8 /var/www/htdocs/project/system/CodeIgniter.php(368): CodeIgniter\CodeIgniter->handleRequest()
#9 /var/www/htdocs/project/public/index.php(67): CodeIgniter\CodeIgniter->run()
#10 {main}
CRITICAL - 2023-05-13 11:58:51 --> Operand should contain 1 column(s)
in SYSTEMPATH/Database/BaseConnection.php on line 645.
 1 SYSTEMPATH/Database/BaseBuilder.php(1616): CodeIgniter\Database\BaseConnection->query()
 2 APPPATH/Models/Post_model.php(89): CodeIgniter\Database\BaseBuilder->get()
 3 APPPATH/Controllers/Login.php(258): App\Models\Post->getFiles()
 4 SYSTEMPATH/CodeIgniter.php(934): App\Controllers\Login->show_comment()
 5 SYSTEMPATH/CodeIgniter.php(499): CodeIgniter\CodeIgniter->runController()
 6 SYSTEMPATH/CodeIgniter.php(368): CodeIgniter\CodeIgniter->handleRequest()
 7 FCPATH/index.php(67): CodeIgniter\CodeIgniter->run()
ERROR - 2023-05-13 12:00:13 --> mysqli_sql_exception: Operand should contain 1 column(s) in /var/www/htdocs/project/system/Database/MySQLi/Connection.php:295
Stack trace:
#0 /var/www/htdocs/project/system/Database/MySQLi/Connection.php(295): mysqli->query()
#1 /var/www/htdocs/project/system/Database/BaseConnection.php(691): CodeIgniter\Database\MySQLi\Connection->execute()
#2 /var/www/htdocs/project/system/Database/BaseConnection.php(605): CodeIgniter\Database\BaseConnection->simpleQuery()
#3 /var/www/htdocs/project/system/Database/BaseBuilder.php(1616): CodeIgniter\Database\BaseConnection->query()
#4 /var/www/htdocs/project/app/Models/Post_model.php(89): CodeIgniter\Database\BaseBuilder->get()
#5 /var/www/htdocs/project/app/Controllers/Login.php(258): App\Models\Post->getFiles()
#6 /var/www/htdocs/project/system/CodeIgniter.php(934): App\Controllers\Login->show_comment()
#7 /var/www/htdocs/project/system/CodeIgniter.php(499): CodeIgniter\CodeIgniter->runController()
#8 /var/www/htdocs/project/system/CodeIgniter.php(368): CodeIgniter\CodeIgniter->handleRequest()
#9 /var/www/htdocs/project/public/index.php(67): CodeIgniter\CodeIgniter->run()
#10 {main}
CRITICAL - 2023-05-13 12:00:13 --> Operand should contain 1 column(s)
in SYSTEMPATH/Database/BaseConnection.php on line 645.
 1 SYSTEMPATH/Database/BaseBuilder.php(1616): CodeIgniter\Database\BaseConnection->query()
 2 APPPATH/Models/Post_model.php(89): CodeIgniter\Database\BaseBuilder->get()
 3 APPPATH/Controllers/Login.php(258): App\Models\Post->getFiles()
 4 SYSTEMPATH/CodeIgniter.php(934): App\Controllers\Login->show_comment()
 5 SYSTEMPATH/CodeIgniter.php(499): CodeIgniter\CodeIgniter->runController()
 6 SYSTEMPATH/CodeIgniter.php(368): CodeIgniter\CodeIgniter->handleRequest()
 7 FCPATH/index.php(67): CodeIgniter\CodeIgniter->run()
ERROR - 2023-05-13 12:03:21 --> mysqli_sql_exception: Operand should contain 1 column(s) in /var/www/htdocs/project/system/Database/MySQLi/Connection.php:295
Stack trace:
#0 /var/www/htdocs/project/system/Database/MySQLi/Connection.php(295): mysqli->query()
#1 /var/www/htdocs/project/system/Database/BaseConnection.php(691): CodeIgniter\Database\MySQLi\Connection->execute()
#2 /var/www/htdocs/project/system/Database/BaseConnection.php(605): CodeIgniter\Database\BaseConnection->simpleQuery()
#3 /var/www/htdocs/project/system/Database/BaseBuilder.php(1616): CodeIgniter\Database\BaseConnection->query()
#4 /var/www/htdocs/project/app/Models/Post_model.php(89): CodeIgniter\Database\BaseBuilder->get()
#5 /var/www/htdocs/project/app/Controllers/Login.php(258): App\Models\Post->getFiles()
#6 /var/www/htdocs/project/system/CodeIgniter.php(934): App\Controllers\Login->show_comment()
#7 /var/www/htdocs/project/system/CodeIgniter.php(499): CodeIgniter\CodeIgniter->runController()
#8 /var/www/htdocs/project/system/CodeIgniter.php(368): CodeIgniter\CodeIgniter->handleRequest()
#9 /var/www/htdocs/project/public/index.php(67): CodeIgniter\CodeIgniter->run()
#10 {main}
CRITICAL - 2023-05-13 12:03:21 --> Operand should contain 1 column(s)
in SYSTEMPATH/Database/BaseConnection.php on line 645.
 1 SYSTEMPATH/Database/BaseBuilder.php(1616): CodeIgniter\Database\BaseConnection->query()
 2 APPPATH/Models/Post_model.php(89): CodeIgniter\Database\BaseBuilder->get()
 3 APPPATH/Controllers/Login.php(258): App\Models\Post->getFiles()
 4 SYSTEMPATH/CodeIgniter.php(934): App\Controllers\Login->show_comment()
 5 SYSTEMPATH/CodeIgniter.php(499): CodeIgniter\CodeIgniter->runController()
 6 SYSTEMPATH/CodeIgniter.php(368): CodeIgniter\CodeIgniter->handleRequest()
 7 FCPATH/index.php(67): CodeIgniter\CodeIgniter->run()
ERROR - 2023-05-13 19:32:13 --> mysqli_sql_exception: Unknown column 'post_id' in 'where clause' in /var/www/htdocs/project/system/Database/MySQLi/Connection.php:295
Stack trace:
#0 /var/www/htdocs/project/system/Database/MySQLi/Connection.php(295): mysqli->query()
#1 /var/www/htdocs/project/system/Database/BaseConnection.php(691): CodeIgniter\Database\MySQLi\Connection->execute()
#2 /var/www/htdocs/project/system/Database/BaseConnection.php(605): CodeIgniter\Database\BaseConnection->simpleQuery()
#3 /var/www/htdocs/project/system/Database/BaseBuilder.php(2476): CodeIgniter\Database\BaseConnection->query()
#4 /var/www/htdocs/project/app/Models/Post_model.php(117): CodeIgniter\Database\BaseBuilder->update()
#5 /var/www/htdocs/project/app/Controllers/Login.php(270): App\Models\Post->likes()
#6 /var/www/htdocs/project/system/CodeIgniter.php(934): App\Controllers\Login->get_like()
#7 /var/www/htdocs/project/system/CodeIgniter.php(499): CodeIgniter\CodeIgniter->runController()
#8 /var/www/htdocs/project/system/CodeIgniter.php(368): CodeIgniter\CodeIgniter->handleRequest()
#9 /var/www/htdocs/project/public/index.php(67): CodeIgniter\CodeIgniter->run()
#10 {main}
CRITICAL - 2023-05-13 19:32:13 --> Unknown column 'post_id' in 'where clause'
in SYSTEMPATH/Database/BaseConnection.php on line 645.
 1 SYSTEMPATH/Database/BaseBuilder.php(2476): CodeIgniter\Database\BaseConnection->query()
 2 APPPATH/Models/Post_model.php(117): CodeIgniter\Database\BaseBuilder->update()
 3 APPPATH/Controllers/Login.php(270): App\Models\Post->likes()
 4 SYSTEMPATH/CodeIgniter.php(934): App\Controllers\Login->get_like()
 5 SYSTEMPATH/CodeIgniter.php(499): CodeIgniter\CodeIgniter->runController()
 6 SYSTEMPATH/CodeIgniter.php(368): CodeIgniter\CodeIgniter->handleRequest()
 7 FCPATH/index.php(67): CodeIgniter\CodeIgniter->run()
ERROR - 2023-05-13 19:34:53 --> mysqli_sql_exception: Unknown column 'post_id' in 'where clause' in /var/www/htdocs/project/system/Database/MySQLi/Connection.php:295
Stack trace:
#0 /var/www/htdocs/project/system/Database/MySQLi/Connection.php(295): mysqli->query()
#1 /var/www/htdocs/project/system/Database/BaseConnection.php(691): CodeIgniter\Database\MySQLi\Connection->execute()
#2 /var/www/htdocs/project/system/Database/BaseConnection.php(605): CodeIgniter\Database\BaseConnection->simpleQuery()
#3 /var/www/htdocs/project/system/Database/BaseBuilder.php(2476): CodeIgniter\Database\BaseConnection->query()
#4 /var/www/htdocs/project/app/Models/Post_model.php(117): CodeIgniter\Database\BaseBuilder->update()
#5 /var/www/htdocs/project/app/Controllers/Login.php(270): App\Models\Post->likes()
#6 /var/www/htdocs/project/system/CodeIgniter.php(934): App\Controllers\Login->get_like()
#7 /var/www/htdocs/project/system/CodeIgniter.php(499): CodeIgniter\CodeIgniter->runController()
#8 /var/www/htdocs/project/system/CodeIgniter.php(368): CodeIgniter\CodeIgniter->handleRequest()
#9 /var/www/htdocs/project/public/index.php(67): CodeIgniter\CodeIgniter->run()
#10 {main}
CRITICAL - 2023-05-13 19:34:53 --> Unknown column 'post_id' in 'where clause'
in SYSTEMPATH/Database/BaseConnection.php on line 645.
 1 SYSTEMPATH/Database/BaseBuilder.php(2476): CodeIgniter\Database\BaseConnection->query()
 2 APPPATH/Models/Post_model.php(117): CodeIgniter\Database\BaseBuilder->update()
 3 APPPATH/Controllers/Login.php(270): App\Models\Post->likes()
 4 SYSTEMPATH/CodeIgniter.php(934): App\Controllers\Login->get_like()
 5 SYSTEMPATH/CodeIgniter.php(499): CodeIgniter\CodeIgniter->runController()
 6 SYSTEMPATH/CodeIgniter.php(368): CodeIgniter\CodeIgniter->handleRequest()
 7 FCPATH/index.php(67): CodeIgniter\CodeIgniter->run()
ERROR - 2023-05-13 19:35:35 --> mysqli_sql_exception: Unknown column 'post_id' in 'where clause' in /var/www/htdocs/project/system/Database/MySQLi/Connection.php:295
Stack trace:
#0 /var/www/htdocs/project/system/Database/MySQLi/Connection.php(295): mysqli->query()
#1 /var/www/htdocs/project/system/Database/BaseConnection.php(691): CodeIgniter\Database\MySQLi\Connection->execute()
#2 /var/www/htdocs/project/system/Database/BaseConnection.php(605): CodeIgniter\Database\BaseConnection->simpleQuery()
#3 /var/www/htdocs/project/system/Database/BaseBuilder.php(1616): CodeIgniter\Database\BaseConnection->query()
#4 /var/www/htdocs/project/app/Models/Post_model.php(120): CodeIgniter\Database\BaseBuilder->get()
#5 /var/www/htdocs/project/app/Controllers/Login.php(270): App\Models\Post->likes()
#6 /var/www/htdocs/project/system/CodeIgniter.php(934): App\Controllers\Login->get_like()
#7 /var/www/htdocs/project/system/CodeIgniter.php(499): CodeIgniter\CodeIgniter->runController()
#8 /var/www/htdocs/project/system/CodeIgniter.php(368): CodeIgniter\CodeIgniter->handleRequest()
#9 /var/www/htdocs/project/public/index.php(67): CodeIgniter\CodeIgniter->run()
#10 {main}
CRITICAL - 2023-05-13 19:35:35 --> Unknown column 'post_id' in 'where clause'
in SYSTEMPATH/Database/BaseConnection.php on line 645.
 1 SYSTEMPATH/Database/BaseBuilder.php(1616): CodeIgniter\Database\BaseConnection->query()
 2 APPPATH/Models/Post_model.php(120): CodeIgniter\Database\BaseBuilder->get()
 3 APPPATH/Controllers/Login.php(270): App\Models\Post->likes()
 4 SYSTEMPATH/CodeIgniter.php(934): App\Controllers\Login->get_like()
 5 SYSTEMPATH/CodeIgniter.php(499): CodeIgniter\CodeIgniter->runController()
 6 SYSTEMPATH/CodeIgniter.php(368): CodeIgniter\CodeIgniter->handleRequest()
 7 FCPATH/index.php(67): CodeIgniter\CodeIgniter->run()
CRITICAL - 2023-05-13 19:44:14 --> Call to undefined method CodeIgniter\Database\MySQLi\Result::getSingle()
in APPPATH/Models/Post_model.php on line 123.
 1 APPPATH/Controllers/Login.php(270): App\Models\Post->likes()
 2 SYSTEMPATH/CodeIgniter.php(934): App\Controllers\Login->get_like()
 3 SYSTEMPATH/CodeIgniter.php(499): CodeIgniter\CodeIgniter->runController()
 4 SYSTEMPATH/CodeIgniter.php(368): CodeIgniter\CodeIgniter->handleRequest()
 5 FCPATH/index.php(67): CodeIgniter\CodeIgniter->run()
CRITICAL - 2023-05-13 19:49:22 --> Call to undefined method CodeIgniter\Database\MySQLi\Result::getCol()
in APPPATH/Models/Post_model.php on line 123.
 1 APPPATH/Controllers/Login.php(270): App\Models\Post->likes()
 2 SYSTEMPATH/CodeIgniter.php(934): App\Controllers\Login->get_like()
 3 SYSTEMPATH/CodeIgniter.php(499): CodeIgniter\CodeIgniter->runController()
 4 SYSTEMPATH/CodeIgniter.php(368): CodeIgniter\CodeIgniter->handleRequest()
 5 FCPATH/index.php(67): CodeIgniter\CodeIgniter->run()
CRITICAL - 2023-05-13 19:49:36 --> Call to undefined method CodeIgniter\Database\MySQLi\Result::getCol()
in APPPATH/Models/Post_model.php on line 123.
 1 APPPATH/Controllers/Login.php(270): App\Models\Post->likes()
 2 SYSTEMPATH/CodeIgniter.php(934): App\Controllers\Login->get_like()
 3 SYSTEMPATH/CodeIgniter.php(499): CodeIgniter\CodeIgniter->runController()
 4 SYSTEMPATH/CodeIgniter.php(368): CodeIgniter\CodeIgniter->handleRequest()
 5 FCPATH/index.php(67): CodeIgniter\CodeIgniter->run()
CRITICAL - 2023-05-13 20:01:27 --> You must use the "set" method to update an entry.
in SYSTEMPATH/Database/BaseBuilder.php on line 2521.
 1 SYSTEMPATH/Database/BaseBuilder.php(2455): CodeIgniter\Database\BaseBuilder->validateUpdate()
 2 APPPATH/Models/Post_model.php(122): CodeIgniter\Database\BaseBuilder->update()
 3 APPPATH/Controllers/Login.php(270): App\Models\Post->likes()
 4 SYSTEMPATH/CodeIgniter.php(934): App\Controllers\Login->get_like()
 5 SYSTEMPATH/CodeIgniter.php(499): CodeIgniter\CodeIgniter->runController()
 6 SYSTEMPATH/CodeIgniter.php(368): CodeIgniter\CodeIgniter->handleRequest()
 7 FCPATH/index.php(67): CodeIgniter\CodeIgniter->run()
