ERROR - 2023-05-17 05:11:58 --> mysqli_sql_exception: Cannot add or update a child row: a foreign key constraint fails (`project`.`user_courses`, CONSTRAINT `user_courses_ibfk_2` FOREIGN KEY (`course_name`) REFERENCES `Courses` (`name`) ON DELETE CASCADE ON UPDATE CASCADE) in /var/www/htdocs/project/system/Database/MySQLi/Connection.php:295
Stack trace:
#0 /var/www/htdocs/project/system/Database/MySQLi/Connection.php(295): mysqli->query()
#1 /var/www/htdocs/project/system/Database/BaseConnection.php(691): CodeIgniter\Database\MySQLi\Connection->execute()
#2 /var/www/htdocs/project/system/Database/BaseConnection.php(605): CodeIgniter\Database\BaseConnection->simpleQuery()
#3 /var/www/htdocs/project/system/Database/BaseBuilder.php(2309): CodeIgniter\Database\BaseConnection->query()
#4 /var/www/htdocs/project/app/Models/User_model.php(98): CodeIgniter\Database\BaseBuilder->insert()
#5 /var/www/htdocs/project/app/Controllers/Login.php(187): APP\Models\User_model->insertCourse()
#6 /var/www/htdocs/project/system/CodeIgniter.php(934): App\Controllers\Login->update_course()
#7 /var/www/htdocs/project/system/CodeIgniter.php(499): CodeIgniter\CodeIgniter->runController()
#8 /var/www/htdocs/project/system/CodeIgniter.php(368): CodeIgniter\CodeIgniter->handleRequest()
#9 /var/www/htdocs/project/public/index.php(67): CodeIgniter\CodeIgniter->run()
#10 {main}
CRITICAL - 2023-05-17 05:11:58 --> Cannot add or update a child row: a foreign key constraint fails (`project`.`user_courses`, CONSTRAINT `user_courses_ibfk_2` FOREIGN KEY (`course_name`) REFERENCES `Courses` (`name`) ON DELETE CASCADE ON UPDATE CASCADE)
in SYSTEMPATH/Database/BaseConnection.php on line 645.
 1 SYSTEMPATH/Database/BaseBuilder.php(2309): CodeIgniter\Database\BaseConnection->query()
 2 APPPATH/Models/User_model.php(98): CodeIgniter\Database\BaseBuilder->insert()
 3 APPPATH/Controllers/Login.php(187): APP\Models\User_model->insertCourse()
 4 SYSTEMPATH/CodeIgniter.php(934): App\Controllers\Login->update_course()
 5 SYSTEMPATH/CodeIgniter.php(499): CodeIgniter\CodeIgniter->runController()
 6 SYSTEMPATH/CodeIgniter.php(368): CodeIgniter\CodeIgniter->handleRequest()
 7 FCPATH/index.php(67): CodeIgniter\CodeIgniter->run()
CRITICAL - 2023-05-17 05:22:38 --> Undefined array key 0
in APPPATH/Views/profile.php on line 37.
 1 APPPATH/Views/profile.php(37): CodeIgniter\Debug\Exceptions->errorHandler()
 2 SYSTEMPATH/View/View.php(213): include('APPPATH/Views/profile.php')
 3 SYSTEMPATH/View/View.php(216): CodeIgniter\View\View->CodeIgniter\View\{closure}()
 4 SYSTEMPATH/Common.php(1184): CodeIgniter\View\View->render()
 5 APPPATH/Controllers/Login.php(127): view()
 6 SYSTEMPATH/CodeIgniter.php(934): App\Controllers\Login->profile()
 7 SYSTEMPATH/CodeIgniter.php(499): CodeIgniter\CodeIgniter->runController()
 8 SYSTEMPATH/CodeIgniter.php(368): CodeIgniter\CodeIgniter->handleRequest()
 9 FCPATH/index.php(67): CodeIgniter\CodeIgniter->run()
CRITICAL - 2023-05-17 05:22:41 --> Undefined array key 0
in APPPATH/Views/profile.php on line 37.
 1 APPPATH/Views/profile.php(37): CodeIgniter\Debug\Exceptions->errorHandler()
 2 SYSTEMPATH/View/View.php(213): include('APPPATH/Views/profile.php')
 3 SYSTEMPATH/View/View.php(216): CodeIgniter\View\View->CodeIgniter\View\{closure}()
 4 SYSTEMPATH/Common.php(1184): CodeIgniter\View\View->render()
 5 APPPATH/Controllers/Login.php(127): view()
 6 SYSTEMPATH/CodeIgniter.php(934): App\Controllers\Login->profile()
 7 SYSTEMPATH/CodeIgniter.php(499): CodeIgniter\CodeIgniter->runController()
 8 SYSTEMPATH/CodeIgniter.php(368): CodeIgniter\CodeIgniter->handleRequest()
 9 FCPATH/index.php(67): CodeIgniter\CodeIgniter->run()
CRITICAL - 2023-05-17 05:25:09 --> Undefined array key 0
in APPPATH/Views/profile.php on line 37.
 1 APPPATH/Views/profile.php(37): CodeIgniter\Debug\Exceptions->errorHandler()
 2 SYSTEMPATH/View/View.php(213): include('APPPATH/Views/profile.php')
 3 SYSTEMPATH/View/View.php(216): CodeIgniter\View\View->CodeIgniter\View\{closure}()
 4 SYSTEMPATH/Common.php(1184): CodeIgniter\View\View->render()
 5 APPPATH/Controllers/Login.php(127): view()
 6 SYSTEMPATH/CodeIgniter.php(934): App\Controllers\Login->profile()
 7 SYSTEMPATH/CodeIgniter.php(499): CodeIgniter\CodeIgniter->runController()
 8 SYSTEMPATH/CodeIgniter.php(368): CodeIgniter\CodeIgniter->handleRequest()
 9 FCPATH/index.php(67): CodeIgniter\CodeIgniter->run()
CRITICAL - 2023-05-17 05:26:01 --> Undefined array key 0
in APPPATH/Views/profile.php on line 37.
 1 APPPATH/Views/profile.php(37): CodeIgniter\Debug\Exceptions->errorHandler()
 2 SYSTEMPATH/View/View.php(213): include('APPPATH/Views/profile.php')
 3 SYSTEMPATH/View/View.php(216): CodeIgniter\View\View->CodeIgniter\View\{closure}()
 4 SYSTEMPATH/Common.php(1184): CodeIgniter\View\View->render()
 5 APPPATH/Controllers/Login.php(127): view()
 6 SYSTEMPATH/CodeIgniter.php(934): App\Controllers\Login->profile()
 7 SYSTEMPATH/CodeIgniter.php(499): CodeIgniter\CodeIgniter->runController()
 8 SYSTEMPATH/CodeIgniter.php(368): CodeIgniter\CodeIgniter->handleRequest()
 9 FCPATH/index.php(67): CodeIgniter\CodeIgniter->run()
CRITICAL - 2023-05-17 05:26:02 --> Undefined array key 0
in APPPATH/Views/profile.php on line 37.
 1 APPPATH/Views/profile.php(37): CodeIgniter\Debug\Exceptions->errorHandler()
 2 SYSTEMPATH/View/View.php(213): include('APPPATH/Views/profile.php')
 3 SYSTEMPATH/View/View.php(216): CodeIgniter\View\View->CodeIgniter\View\{closure}()
 4 SYSTEMPATH/Common.php(1184): CodeIgniter\View\View->render()
 5 APPPATH/Controllers/Login.php(127): view()
 6 SYSTEMPATH/CodeIgniter.php(934): App\Controllers\Login->profile()
 7 SYSTEMPATH/CodeIgniter.php(499): CodeIgniter\CodeIgniter->runController()
 8 SYSTEMPATH/CodeIgniter.php(368): CodeIgniter\CodeIgniter->handleRequest()
 9 FCPATH/index.php(67): CodeIgniter\CodeIgniter->run()
CRITICAL - 2023-05-17 05:26:03 --> Undefined array key 0
in APPPATH/Views/profile.php on line 37.
 1 APPPATH/Views/profile.php(37): CodeIgniter\Debug\Exceptions->errorHandler()
 2 SYSTEMPATH/View/View.php(213): include('APPPATH/Views/profile.php')
 3 SYSTEMPATH/View/View.php(216): CodeIgniter\View\View->CodeIgniter\View\{closure}()
 4 SYSTEMPATH/Common.php(1184): CodeIgniter\View\View->render()
 5 APPPATH/Controllers/Login.php(127): view()
 6 SYSTEMPATH/CodeIgniter.php(934): App\Controllers\Login->profile()
 7 SYSTEMPATH/CodeIgniter.php(499): CodeIgniter\CodeIgniter->runController()
 8 SYSTEMPATH/CodeIgniter.php(368): CodeIgniter\CodeIgniter->handleRequest()
 9 FCPATH/index.php(67): CodeIgniter\CodeIgniter->run()
CRITICAL - 2023-05-17 05:26:04 --> Undefined array key 0
in APPPATH/Views/profile.php on line 37.
 1 APPPATH/Views/profile.php(37): CodeIgniter\Debug\Exceptions->errorHandler()
 2 SYSTEMPATH/View/View.php(213): include('APPPATH/Views/profile.php')
 3 SYSTEMPATH/View/View.php(216): CodeIgniter\View\View->CodeIgniter\View\{closure}()
 4 SYSTEMPATH/Common.php(1184): CodeIgniter\View\View->render()
 5 APPPATH/Controllers/Login.php(127): view()
 6 SYSTEMPATH/CodeIgniter.php(934): App\Controllers\Login->profile()
 7 SYSTEMPATH/CodeIgniter.php(499): CodeIgniter\CodeIgniter->runController()
 8 SYSTEMPATH/CodeIgniter.php(368): CodeIgniter\CodeIgniter->handleRequest()
 9 FCPATH/index.php(67): CodeIgniter\CodeIgniter->run()
CRITICAL - 2023-05-17 05:26:04 --> Undefined array key 0
in APPPATH/Views/profile.php on line 37.
 1 APPPATH/Views/profile.php(37): CodeIgniter\Debug\Exceptions->errorHandler()
 2 SYSTEMPATH/View/View.php(213): include('APPPATH/Views/profile.php')
 3 SYSTEMPATH/View/View.php(216): CodeIgniter\View\View->CodeIgniter\View\{closure}()
 4 SYSTEMPATH/Common.php(1184): CodeIgniter\View\View->render()
 5 APPPATH/Controllers/Login.php(127): view()
 6 SYSTEMPATH/CodeIgniter.php(934): App\Controllers\Login->profile()
 7 SYSTEMPATH/CodeIgniter.php(499): CodeIgniter\CodeIgniter->runController()
 8 SYSTEMPATH/CodeIgniter.php(368): CodeIgniter\CodeIgniter->handleRequest()
 9 FCPATH/index.php(67): CodeIgniter\CodeIgniter->run()
CRITICAL - 2023-05-17 05:26:21 --> Undefined array key 0
in APPPATH/Views/profile.php on line 36.
 1 APPPATH/Views/profile.php(36): CodeIgniter\Debug\Exceptions->errorHandler()
 2 SYSTEMPATH/View/View.php(213): include('APPPATH/Views/profile.php')
 3 SYSTEMPATH/View/View.php(216): CodeIgniter\View\View->CodeIgniter\View\{closure}()
 4 SYSTEMPATH/Common.php(1184): CodeIgniter\View\View->render()
 5 APPPATH/Controllers/Login.php(127): view()
 6 SYSTEMPATH/CodeIgniter.php(934): App\Controllers\Login->profile()
 7 SYSTEMPATH/CodeIgniter.php(499): CodeIgniter\CodeIgniter->runController()
 8 SYSTEMPATH/CodeIgniter.php(368): CodeIgniter\CodeIgniter->handleRequest()
 9 FCPATH/index.php(67): CodeIgniter\CodeIgniter->run()
CRITICAL - 2023-05-17 05:26:21 --> Undefined array key 0
in APPPATH/Views/profile.php on line 36.
 1 APPPATH/Views/profile.php(36): CodeIgniter\Debug\Exceptions->errorHandler()
 2 SYSTEMPATH/View/View.php(213): include('APPPATH/Views/profile.php')
 3 SYSTEMPATH/View/View.php(216): CodeIgniter\View\View->CodeIgniter\View\{closure}()
 4 SYSTEMPATH/Common.php(1184): CodeIgniter\View\View->render()
 5 APPPATH/Controllers/Login.php(127): view()
 6 SYSTEMPATH/CodeIgniter.php(934): App\Controllers\Login->profile()
 7 SYSTEMPATH/CodeIgniter.php(499): CodeIgniter\CodeIgniter->runController()
 8 SYSTEMPATH/CodeIgniter.php(368): CodeIgniter\CodeIgniter->handleRequest()
 9 FCPATH/index.php(67): CodeIgniter\CodeIgniter->run()
CRITICAL - 2023-05-17 05:26:22 --> Undefined array key 0
in APPPATH/Views/profile.php on line 36.
 1 APPPATH/Views/profile.php(36): CodeIgniter\Debug\Exceptions->errorHandler()
 2 SYSTEMPATH/View/View.php(213): include('APPPATH/Views/profile.php')
 3 SYSTEMPATH/View/View.php(216): CodeIgniter\View\View->CodeIgniter\View\{closure}()
 4 SYSTEMPATH/Common.php(1184): CodeIgniter\View\View->render()
 5 APPPATH/Controllers/Login.php(127): view()
 6 SYSTEMPATH/CodeIgniter.php(934): App\Controllers\Login->profile()
 7 SYSTEMPATH/CodeIgniter.php(499): CodeIgniter\CodeIgniter->runController()
 8 SYSTEMPATH/CodeIgniter.php(368): CodeIgniter\CodeIgniter->handleRequest()
 9 FCPATH/index.php(67): CodeIgniter\CodeIgniter->run()
CRITICAL - 2023-05-17 05:26:22 --> Undefined array key 0
in APPPATH/Views/profile.php on line 36.
 1 APPPATH/Views/profile.php(36): CodeIgniter\Debug\Exceptions->errorHandler()
 2 SYSTEMPATH/View/View.php(213): include('APPPATH/Views/profile.php')
 3 SYSTEMPATH/View/View.php(216): CodeIgniter\View\View->CodeIgniter\View\{closure}()
 4 SYSTEMPATH/Common.php(1184): CodeIgniter\View\View->render()
 5 APPPATH/Controllers/Login.php(127): view()
 6 SYSTEMPATH/CodeIgniter.php(934): App\Controllers\Login->profile()
 7 SYSTEMPATH/CodeIgniter.php(499): CodeIgniter\CodeIgniter->runController()
 8 SYSTEMPATH/CodeIgniter.php(368): CodeIgniter\CodeIgniter->handleRequest()
 9 FCPATH/index.php(67): CodeIgniter\CodeIgniter->run()
CRITICAL - 2023-05-17 05:26:22 --> Undefined array key 0
in APPPATH/Views/profile.php on line 36.
 1 APPPATH/Views/profile.php(36): CodeIgniter\Debug\Exceptions->errorHandler()
 2 SYSTEMPATH/View/View.php(213): include('APPPATH/Views/profile.php')
 3 SYSTEMPATH/View/View.php(216): CodeIgniter\View\View->CodeIgniter\View\{closure}()
 4 SYSTEMPATH/Common.php(1184): CodeIgniter\View\View->render()
 5 APPPATH/Controllers/Login.php(127): view()
 6 SYSTEMPATH/CodeIgniter.php(934): App\Controllers\Login->profile()
 7 SYSTEMPATH/CodeIgniter.php(499): CodeIgniter\CodeIgniter->runController()
 8 SYSTEMPATH/CodeIgniter.php(368): CodeIgniter\CodeIgniter->handleRequest()
 9 FCPATH/index.php(67): CodeIgniter\CodeIgniter->run()
CRITICAL - 2023-05-17 05:26:22 --> Undefined array key 0
in APPPATH/Views/profile.php on line 36.
 1 APPPATH/Views/profile.php(36): CodeIgniter\Debug\Exceptions->errorHandler()
 2 SYSTEMPATH/View/View.php(213): include('APPPATH/Views/profile.php')
 3 SYSTEMPATH/View/View.php(216): CodeIgniter\View\View->CodeIgniter\View\{closure}()
 4 SYSTEMPATH/Common.php(1184): CodeIgniter\View\View->render()
 5 APPPATH/Controllers/Login.php(127): view()
 6 SYSTEMPATH/CodeIgniter.php(934): App\Controllers\Login->profile()
 7 SYSTEMPATH/CodeIgniter.php(499): CodeIgniter\CodeIgniter->runController()
 8 SYSTEMPATH/CodeIgniter.php(368): CodeIgniter\CodeIgniter->handleRequest()
 9 FCPATH/index.php(67): CodeIgniter\CodeIgniter->run()
CRITICAL - 2023-05-17 05:26:23 --> Undefined array key 0
in APPPATH/Views/profile.php on line 36.
 1 APPPATH/Views/profile.php(36): CodeIgniter\Debug\Exceptions->errorHandler()
 2 SYSTEMPATH/View/View.php(213): include('APPPATH/Views/profile.php')
 3 SYSTEMPATH/View/View.php(216): CodeIgniter\View\View->CodeIgniter\View\{closure}()
 4 SYSTEMPATH/Common.php(1184): CodeIgniter\View\View->render()
 5 APPPATH/Controllers/Login.php(127): view()
 6 SYSTEMPATH/CodeIgniter.php(934): App\Controllers\Login->profile()
 7 SYSTEMPATH/CodeIgniter.php(499): CodeIgniter\CodeIgniter->runController()
 8 SYSTEMPATH/CodeIgniter.php(368): CodeIgniter\CodeIgniter->handleRequest()
 9 FCPATH/index.php(67): CodeIgniter\CodeIgniter->run()
CRITICAL - 2023-05-17 05:26:23 --> Undefined array key 0
in APPPATH/Views/profile.php on line 36.
 1 APPPATH/Views/profile.php(36): CodeIgniter\Debug\Exceptions->errorHandler()
 2 SYSTEMPATH/View/View.php(213): include('APPPATH/Views/profile.php')
 3 SYSTEMPATH/View/View.php(216): CodeIgniter\View\View->CodeIgniter\View\{closure}()
 4 SYSTEMPATH/Common.php(1184): CodeIgniter\View\View->render()
 5 APPPATH/Controllers/Login.php(127): view()
 6 SYSTEMPATH/CodeIgniter.php(934): App\Controllers\Login->profile()
 7 SYSTEMPATH/CodeIgniter.php(499): CodeIgniter\CodeIgniter->runController()
 8 SYSTEMPATH/CodeIgniter.php(368): CodeIgniter\CodeIgniter->handleRequest()
 9 FCPATH/index.php(67): CodeIgniter\CodeIgniter->run()
CRITICAL - 2023-05-17 05:26:24 --> Undefined array key 0
in APPPATH/Views/profile.php on line 36.
 1 APPPATH/Views/profile.php(36): CodeIgniter\Debug\Exceptions->errorHandler()
 2 SYSTEMPATH/View/View.php(213): include('APPPATH/Views/profile.php')
 3 SYSTEMPATH/View/View.php(216): CodeIgniter\View\View->CodeIgniter\View\{closure}()
 4 SYSTEMPATH/Common.php(1184): CodeIgniter\View\View->render()
 5 APPPATH/Controllers/Login.php(127): view()
 6 SYSTEMPATH/CodeIgniter.php(934): App\Controllers\Login->profile()
 7 SYSTEMPATH/CodeIgniter.php(499): CodeIgniter\CodeIgniter->runController()
 8 SYSTEMPATH/CodeIgniter.php(368): CodeIgniter\CodeIgniter->handleRequest()
 9 FCPATH/index.php(67): CodeIgniter\CodeIgniter->run()
CRITICAL - 2023-05-17 05:26:59 --> Undefined array key 0
in APPPATH/Views/profile.php on line 37.
 1 APPPATH/Views/profile.php(37): CodeIgniter\Debug\Exceptions->errorHandler()
 2 SYSTEMPATH/View/View.php(213): include('APPPATH/Views/profile.php')
 3 SYSTEMPATH/View/View.php(216): CodeIgniter\View\View->CodeIgniter\View\{closure}()
 4 SYSTEMPATH/Common.php(1184): CodeIgniter\View\View->render()
 5 APPPATH/Controllers/Login.php(127): view()
 6 SYSTEMPATH/CodeIgniter.php(934): App\Controllers\Login->profile()
 7 SYSTEMPATH/CodeIgniter.php(499): CodeIgniter\CodeIgniter->runController()
 8 SYSTEMPATH/CodeIgniter.php(368): CodeIgniter\CodeIgniter->handleRequest()
 9 FCPATH/index.php(67): CodeIgniter\CodeIgniter->run()
CRITICAL - 2023-05-17 05:26:59 --> Undefined array key 0
in APPPATH/Views/profile.php on line 37.
 1 APPPATH/Views/profile.php(37): CodeIgniter\Debug\Exceptions->errorHandler()
 2 SYSTEMPATH/View/View.php(213): include('APPPATH/Views/profile.php')
 3 SYSTEMPATH/View/View.php(216): CodeIgniter\View\View->CodeIgniter\View\{closure}()
 4 SYSTEMPATH/Common.php(1184): CodeIgniter\View\View->render()
 5 APPPATH/Controllers/Login.php(127): view()
 6 SYSTEMPATH/CodeIgniter.php(934): App\Controllers\Login->profile()
 7 SYSTEMPATH/CodeIgniter.php(499): CodeIgniter\CodeIgniter->runController()
 8 SYSTEMPATH/CodeIgniter.php(368): CodeIgniter\CodeIgniter->handleRequest()
 9 FCPATH/index.php(67): CodeIgniter\CodeIgniter->run()
CRITICAL - 2023-05-17 05:27:00 --> Undefined array key 0
in APPPATH/Views/profile.php on line 37.
 1 APPPATH/Views/profile.php(37): CodeIgniter\Debug\Exceptions->errorHandler()
 2 SYSTEMPATH/View/View.php(213): include('APPPATH/Views/profile.php')
 3 SYSTEMPATH/View/View.php(216): CodeIgniter\View\View->CodeIgniter\View\{closure}()
 4 SYSTEMPATH/Common.php(1184): CodeIgniter\View\View->render()
 5 APPPATH/Controllers/Login.php(127): view()
 6 SYSTEMPATH/CodeIgniter.php(934): App\Controllers\Login->profile()
 7 SYSTEMPATH/CodeIgniter.php(499): CodeIgniter\CodeIgniter->runController()
 8 SYSTEMPATH/CodeIgniter.php(368): CodeIgniter\CodeIgniter->handleRequest()
 9 FCPATH/index.php(67): CodeIgniter\CodeIgniter->run()
CRITICAL - 2023-05-17 05:27:01 --> Undefined array key 0
in APPPATH/Views/profile.php on line 37.
 1 APPPATH/Views/profile.php(37): CodeIgniter\Debug\Exceptions->errorHandler()
 2 SYSTEMPATH/View/View.php(213): include('APPPATH/Views/profile.php')
 3 SYSTEMPATH/View/View.php(216): CodeIgniter\View\View->CodeIgniter\View\{closure}()
 4 SYSTEMPATH/Common.php(1184): CodeIgniter\View\View->render()
 5 APPPATH/Controllers/Login.php(127): view()
 6 SYSTEMPATH/CodeIgniter.php(934): App\Controllers\Login->profile()
 7 SYSTEMPATH/CodeIgniter.php(499): CodeIgniter\CodeIgniter->runController()
 8 SYSTEMPATH/CodeIgniter.php(368): CodeIgniter\CodeIgniter->handleRequest()
 9 FCPATH/index.php(67): CodeIgniter\CodeIgniter->run()
CRITICAL - 2023-05-17 05:27:01 --> Undefined array key 0
in APPPATH/Views/profile.php on line 37.
 1 APPPATH/Views/profile.php(37): CodeIgniter\Debug\Exceptions->errorHandler()
 2 SYSTEMPATH/View/View.php(213): include('APPPATH/Views/profile.php')
 3 SYSTEMPATH/View/View.php(216): CodeIgniter\View\View->CodeIgniter\View\{closure}()
 4 SYSTEMPATH/Common.php(1184): CodeIgniter\View\View->render()
 5 APPPATH/Controllers/Login.php(127): view()
 6 SYSTEMPATH/CodeIgniter.php(934): App\Controllers\Login->profile()
 7 SYSTEMPATH/CodeIgniter.php(499): CodeIgniter\CodeIgniter->runController()
 8 SYSTEMPATH/CodeIgniter.php(368): CodeIgniter\CodeIgniter->handleRequest()
 9 FCPATH/index.php(67): CodeIgniter\CodeIgniter->run()
CRITICAL - 2023-05-17 05:27:02 --> Undefined array key 0
in APPPATH/Views/profile.php on line 37.
 1 APPPATH/Views/profile.php(37): CodeIgniter\Debug\Exceptions->errorHandler()
 2 SYSTEMPATH/View/View.php(213): include('APPPATH/Views/profile.php')
 3 SYSTEMPATH/View/View.php(216): CodeIgniter\View\View->CodeIgniter\View\{closure}()
 4 SYSTEMPATH/Common.php(1184): CodeIgniter\View\View->render()
 5 APPPATH/Controllers/Login.php(127): view()
 6 SYSTEMPATH/CodeIgniter.php(934): App\Controllers\Login->profile()
 7 SYSTEMPATH/CodeIgniter.php(499): CodeIgniter\CodeIgniter->runController()
 8 SYSTEMPATH/CodeIgniter.php(368): CodeIgniter\CodeIgniter->handleRequest()
 9 FCPATH/index.php(67): CodeIgniter\CodeIgniter->run()
CRITICAL - 2023-05-17 05:27:02 --> Undefined array key 0
in APPPATH/Views/profile.php on line 37.
 1 APPPATH/Views/profile.php(37): CodeIgniter\Debug\Exceptions->errorHandler()
 2 SYSTEMPATH/View/View.php(213): include('APPPATH/Views/profile.php')
 3 SYSTEMPATH/View/View.php(216): CodeIgniter\View\View->CodeIgniter\View\{closure}()
 4 SYSTEMPATH/Common.php(1184): CodeIgniter\View\View->render()
 5 APPPATH/Controllers/Login.php(127): view()
 6 SYSTEMPATH/CodeIgniter.php(934): App\Controllers\Login->profile()
 7 SYSTEMPATH/CodeIgniter.php(499): CodeIgniter\CodeIgniter->runController()
 8 SYSTEMPATH/CodeIgniter.php(368): CodeIgniter\CodeIgniter->handleRequest()
 9 FCPATH/index.php(67): CodeIgniter\CodeIgniter->run()
CRITICAL - 2023-05-17 05:27:03 --> Undefined array key 0
in APPPATH/Views/profile.php on line 37.
 1 APPPATH/Views/profile.php(37): CodeIgniter\Debug\Exceptions->errorHandler()
 2 SYSTEMPATH/View/View.php(213): include('APPPATH/Views/profile.php')
 3 SYSTEMPATH/View/View.php(216): CodeIgniter\View\View->CodeIgniter\View\{closure}()
 4 SYSTEMPATH/Common.php(1184): CodeIgniter\View\View->render()
 5 APPPATH/Controllers/Login.php(127): view()
 6 SYSTEMPATH/CodeIgniter.php(934): App\Controllers\Login->profile()
 7 SYSTEMPATH/CodeIgniter.php(499): CodeIgniter\CodeIgniter->runController()
 8 SYSTEMPATH/CodeIgniter.php(368): CodeIgniter\CodeIgniter->handleRequest()
 9 FCPATH/index.php(67): CodeIgniter\CodeIgniter->run()
CRITICAL - 2023-05-17 05:27:52 --> Undefined array key 0
in APPPATH/Views/profile.php on line 36.
 1 APPPATH/Views/profile.php(36): CodeIgniter\Debug\Exceptions->errorHandler()
 2 SYSTEMPATH/View/View.php(213): include('APPPATH/Views/profile.php')
 3 SYSTEMPATH/View/View.php(216): CodeIgniter\View\View->CodeIgniter\View\{closure}()
 4 SYSTEMPATH/Common.php(1184): CodeIgniter\View\View->render()
 5 APPPATH/Controllers/Login.php(127): view()
 6 SYSTEMPATH/CodeIgniter.php(934): App\Controllers\Login->profile()
 7 SYSTEMPATH/CodeIgniter.php(499): CodeIgniter\CodeIgniter->runController()
 8 SYSTEMPATH/CodeIgniter.php(368): CodeIgniter\CodeIgniter->handleRequest()
 9 FCPATH/index.php(67): CodeIgniter\CodeIgniter->run()
CRITICAL - 2023-05-17 05:27:53 --> Undefined array key 0
in APPPATH/Views/profile.php on line 36.
 1 APPPATH/Views/profile.php(36): CodeIgniter\Debug\Exceptions->errorHandler()
 2 SYSTEMPATH/View/View.php(213): include('APPPATH/Views/profile.php')
 3 SYSTEMPATH/View/View.php(216): CodeIgniter\View\View->CodeIgniter\View\{closure}()
 4 SYSTEMPATH/Common.php(1184): CodeIgniter\View\View->render()
 5 APPPATH/Controllers/Login.php(127): view()
 6 SYSTEMPATH/CodeIgniter.php(934): App\Controllers\Login->profile()
 7 SYSTEMPATH/CodeIgniter.php(499): CodeIgniter\CodeIgniter->runController()
 8 SYSTEMPATH/CodeIgniter.php(368): CodeIgniter\CodeIgniter->handleRequest()
 9 FCPATH/index.php(67): CodeIgniter\CodeIgniter->run()
CRITICAL - 2023-05-17 05:27:54 --> Undefined array key 0
in APPPATH/Views/profile.php on line 36.
 1 APPPATH/Views/profile.php(36): CodeIgniter\Debug\Exceptions->errorHandler()
 2 SYSTEMPATH/View/View.php(213): include('APPPATH/Views/profile.php')
 3 SYSTEMPATH/View/View.php(216): CodeIgniter\View\View->CodeIgniter\View\{closure}()
 4 SYSTEMPATH/Common.php(1184): CodeIgniter\View\View->render()
 5 APPPATH/Controllers/Login.php(127): view()
 6 SYSTEMPATH/CodeIgniter.php(934): App\Controllers\Login->profile()
 7 SYSTEMPATH/CodeIgniter.php(499): CodeIgniter\CodeIgniter->runController()
 8 SYSTEMPATH/CodeIgniter.php(368): CodeIgniter\CodeIgniter->handleRequest()
 9 FCPATH/index.php(67): CodeIgniter\CodeIgniter->run()
CRITICAL - 2023-05-17 05:27:54 --> Undefined array key 0
in APPPATH/Views/profile.php on line 36.
 1 APPPATH/Views/profile.php(36): CodeIgniter\Debug\Exceptions->errorHandler()
 2 SYSTEMPATH/View/View.php(213): include('APPPATH/Views/profile.php')
 3 SYSTEMPATH/View/View.php(216): CodeIgniter\View\View->CodeIgniter\View\{closure}()
 4 SYSTEMPATH/Common.php(1184): CodeIgniter\View\View->render()
 5 APPPATH/Controllers/Login.php(127): view()
 6 SYSTEMPATH/CodeIgniter.php(934): App\Controllers\Login->profile()
 7 SYSTEMPATH/CodeIgniter.php(499): CodeIgniter\CodeIgniter->runController()
 8 SYSTEMPATH/CodeIgniter.php(368): CodeIgniter\CodeIgniter->handleRequest()
 9 FCPATH/index.php(67): CodeIgniter\CodeIgniter->run()
CRITICAL - 2023-05-17 05:27:55 --> Undefined array key 0
in APPPATH/Views/profile.php on line 36.
 1 APPPATH/Views/profile.php(36): CodeIgniter\Debug\Exceptions->errorHandler()
 2 SYSTEMPATH/View/View.php(213): include('APPPATH/Views/profile.php')
 3 SYSTEMPATH/View/View.php(216): CodeIgniter\View\View->CodeIgniter\View\{closure}()
 4 SYSTEMPATH/Common.php(1184): CodeIgniter\View\View->render()
 5 APPPATH/Controllers/Login.php(127): view()
 6 SYSTEMPATH/CodeIgniter.php(934): App\Controllers\Login->profile()
 7 SYSTEMPATH/CodeIgniter.php(499): CodeIgniter\CodeIgniter->runController()
 8 SYSTEMPATH/CodeIgniter.php(368): CodeIgniter\CodeIgniter->handleRequest()
 9 FCPATH/index.php(67): CodeIgniter\CodeIgniter->run()
CRITICAL - 2023-05-17 05:30:11 --> Undefined variable $course
in APPPATH/Controllers/Login.php on line 187.
 1 APPPATH/Controllers/Login.php(187): CodeIgniter\Debug\Exceptions->errorHandler()
 2 SYSTEMPATH/CodeIgniter.php(934): App\Controllers\Login->update_course()
 3 SYSTEMPATH/CodeIgniter.php(499): CodeIgniter\CodeIgniter->runController()
 4 SYSTEMPATH/CodeIgniter.php(368): CodeIgniter\CodeIgniter->handleRequest()
 5 FCPATH/index.php(67): CodeIgniter\CodeIgniter->run()
CRITICAL - 2023-05-17 05:31:28 --> Undefined array key 3
in APPPATH/Views/profile.php on line 37.
 1 APPPATH/Views/profile.php(37): CodeIgniter\Debug\Exceptions->errorHandler()
 2 SYSTEMPATH/View/View.php(213): include('APPPATH/Views/profile.php')
 3 SYSTEMPATH/View/View.php(216): CodeIgniter\View\View->CodeIgniter\View\{closure}()
 4 SYSTEMPATH/Common.php(1184): CodeIgniter\View\View->render()
 5 APPPATH/Controllers/Login.php(127): view()
 6 SYSTEMPATH/CodeIgniter.php(934): App\Controllers\Login->profile()
 7 SYSTEMPATH/CodeIgniter.php(499): CodeIgniter\CodeIgniter->runController()
 8 SYSTEMPATH/CodeIgniter.php(368): CodeIgniter\CodeIgniter->handleRequest()
 9 FCPATH/index.php(67): CodeIgniter\CodeIgniter->run()
CRITICAL - 2023-05-17 05:39:18 --> Undefined array key 3
in APPPATH/Views/profile.php on line 37.
 1 APPPATH/Views/profile.php(37): CodeIgniter\Debug\Exceptions->errorHandler()
 2 SYSTEMPATH/View/View.php(213): include('APPPATH/Views/profile.php')
 3 SYSTEMPATH/View/View.php(216): CodeIgniter\View\View->CodeIgniter\View\{closure}()
 4 SYSTEMPATH/Common.php(1184): CodeIgniter\View\View->render()
 5 APPPATH/Controllers/Login.php(127): view()
 6 SYSTEMPATH/CodeIgniter.php(934): App\Controllers\Login->profile()
 7 SYSTEMPATH/CodeIgniter.php(499): CodeIgniter\CodeIgniter->runController()
 8 SYSTEMPATH/CodeIgniter.php(368): CodeIgniter\CodeIgniter->handleRequest()
 9 FCPATH/index.php(67): CodeIgniter\CodeIgniter->run()
CRITICAL - 2023-05-17 05:39:28 --> Undefined array key 3
in APPPATH/Views/profile.php on line 37.
 1 APPPATH/Views/profile.php(37): CodeIgniter\Debug\Exceptions->errorHandler()
 2 SYSTEMPATH/View/View.php(213): include('APPPATH/Views/profile.php')
 3 SYSTEMPATH/View/View.php(216): CodeIgniter\View\View->CodeIgniter\View\{closure}()
 4 SYSTEMPATH/Common.php(1184): CodeIgniter\View\View->render()
 5 APPPATH/Controllers/Login.php(127): view()
 6 SYSTEMPATH/CodeIgniter.php(934): App\Controllers\Login->profile()
 7 SYSTEMPATH/CodeIgniter.php(499): CodeIgniter\CodeIgniter->runController()
 8 SYSTEMPATH/CodeIgniter.php(368): CodeIgniter\CodeIgniter->handleRequest()
 9 FCPATH/index.php(67): CodeIgniter\CodeIgniter->run()
CRITICAL - 2023-05-17 05:50:01 --> Undefined array key 3
in APPPATH/Views/profile.php on line 37.
 1 APPPATH/Views/profile.php(37): CodeIgniter\Debug\Exceptions->errorHandler()
 2 SYSTEMPATH/View/View.php(213): include('APPPATH/Views/profile.php')
 3 SYSTEMPATH/View/View.php(216): CodeIgniter\View\View->CodeIgniter\View\{closure}()
 4 SYSTEMPATH/Common.php(1184): CodeIgniter\View\View->render()
 5 APPPATH/Controllers/Login.php(127): view()
 6 SYSTEMPATH/CodeIgniter.php(934): App\Controllers\Login->profile()
 7 SYSTEMPATH/CodeIgniter.php(499): CodeIgniter\CodeIgniter->runController()
 8 SYSTEMPATH/CodeIgniter.php(368): CodeIgniter\CodeIgniter->handleRequest()
 9 FCPATH/index.php(67): CodeIgniter\CodeIgniter->run()
CRITICAL - 2023-05-17 05:50:06 --> Undefined array key 3
in APPPATH/Views/profile.php on line 37.
 1 APPPATH/Views/profile.php(37): CodeIgniter\Debug\Exceptions->errorHandler()
 2 SYSTEMPATH/View/View.php(213): include('APPPATH/Views/profile.php')
 3 SYSTEMPATH/View/View.php(216): CodeIgniter\View\View->CodeIgniter\View\{closure}()
 4 SYSTEMPATH/Common.php(1184): CodeIgniter\View\View->render()
 5 APPPATH/Controllers/Login.php(127): view()
 6 SYSTEMPATH/CodeIgniter.php(934): App\Controllers\Login->profile()
 7 SYSTEMPATH/CodeIgniter.php(499): CodeIgniter\CodeIgniter->runController()
 8 SYSTEMPATH/CodeIgniter.php(368): CodeIgniter\CodeIgniter->handleRequest()
 9 FCPATH/index.php(67): CodeIgniter\CodeIgniter->run()
CRITICAL - 2023-05-17 06:25:48 --> Undefined array key 3
in APPPATH/Views/profile.php on line 38.
 1 APPPATH/Views/profile.php(38): CodeIgniter\Debug\Exceptions->errorHandler()
 2 SYSTEMPATH/View/View.php(213): include('APPPATH/Views/profile.php')
 3 SYSTEMPATH/View/View.php(216): CodeIgniter\View\View->CodeIgniter\View\{closure}()
 4 SYSTEMPATH/Common.php(1184): CodeIgniter\View\View->render()
 5 APPPATH/Controllers/Login.php(127): view()
 6 SYSTEMPATH/CodeIgniter.php(934): App\Controllers\Login->profile()
 7 SYSTEMPATH/CodeIgniter.php(499): CodeIgniter\CodeIgniter->runController()
 8 SYSTEMPATH/CodeIgniter.php(368): CodeIgniter\CodeIgniter->handleRequest()
 9 FCPATH/index.php(67): CodeIgniter\CodeIgniter->run()
CRITICAL - 2023-05-17 06:26:17 --> Undefined array key 3
in APPPATH/Views/profile.php on line 38.
 1 APPPATH/Views/profile.php(38): CodeIgniter\Debug\Exceptions->errorHandler()
 2 SYSTEMPATH/View/View.php(213): include('APPPATH/Views/profile.php')
 3 SYSTEMPATH/View/View.php(216): CodeIgniter\View\View->CodeIgniter\View\{closure}()
 4 SYSTEMPATH/Common.php(1184): CodeIgniter\View\View->render()
 5 APPPATH/Controllers/Login.php(127): view()
 6 SYSTEMPATH/CodeIgniter.php(934): App\Controllers\Login->profile()
 7 SYSTEMPATH/CodeIgniter.php(499): CodeIgniter\CodeIgniter->runController()
 8 SYSTEMPATH/CodeIgniter.php(368): CodeIgniter\CodeIgniter->handleRequest()
 9 FCPATH/index.php(67): CodeIgniter\CodeIgniter->run()
ERROR - 2023-05-17 06:53:22 --> mysqli_sql_exception: Duplicate entry 'yoki-INFS7202' for key 'user_courses.PRIMARY' in /var/www/htdocs/project/system/Database/MySQLi/Connection.php:295
Stack trace:
#0 /var/www/htdocs/project/system/Database/MySQLi/Connection.php(295): mysqli->query()
#1 /var/www/htdocs/project/system/Database/BaseConnection.php(691): CodeIgniter\Database\MySQLi\Connection->execute()
#2 /var/www/htdocs/project/system/Database/BaseConnection.php(605): CodeIgniter\Database\BaseConnection->simpleQuery()
#3 /var/www/htdocs/project/system/Database/BaseBuilder.php(2309): CodeIgniter\Database\BaseConnection->query()
#4 /var/www/htdocs/project/app/Models/User_model.php(98): CodeIgniter\Database\BaseBuilder->insert()
#5 /var/www/htdocs/project/app/Controllers/Login.php(188): APP\Models\User_model->insertCourse()
#6 /var/www/htdocs/project/system/CodeIgniter.php(934): App\Controllers\Login->update_course()
#7 /var/www/htdocs/project/system/CodeIgniter.php(499): CodeIgniter\CodeIgniter->runController()
#8 /var/www/htdocs/project/system/CodeIgniter.php(368): CodeIgniter\CodeIgniter->handleRequest()
#9 /var/www/htdocs/project/public/index.php(67): CodeIgniter\CodeIgniter->run()
#10 {main}
CRITICAL - 2023-05-17 06:53:22 --> Duplicate entry 'yoki-INFS7202' for key 'user_courses.PRIMARY'
in SYSTEMPATH/Database/BaseConnection.php on line 645.
 1 SYSTEMPATH/Database/BaseBuilder.php(2309): CodeIgniter\Database\BaseConnection->query()
 2 APPPATH/Models/User_model.php(98): CodeIgniter\Database\BaseBuilder->insert()
 3 APPPATH/Controllers/Login.php(188): APP\Models\User_model->insertCourse()
 4 SYSTEMPATH/CodeIgniter.php(934): App\Controllers\Login->update_course()
 5 SYSTEMPATH/CodeIgniter.php(499): CodeIgniter\CodeIgniter->runController()
 6 SYSTEMPATH/CodeIgniter.php(368): CodeIgniter\CodeIgniter->handleRequest()
 7 FCPATH/index.php(67): CodeIgniter\CodeIgniter->run()
