CRITICAL - 2023-05-07 08:23:00 --> Call to a member function insert() on array
in APPPATH/Models/Post_model.php on line 48.
 1 APPPATH/Controllers/Login.php(258): App\Models\Post->comment()
 2 SYSTEMPATH/CodeIgniter.php(934): App\Controllers\Login->check_comment()
 3 SYSTEMPATH/CodeIgniter.php(499): CodeIgniter\CodeIgniter->runController()
 4 SYSTEMPATH/CodeIgniter.php(368): CodeIgniter\CodeIgniter->handleRequest()
 5 FCPATH/index.php(67): CodeIgniter\CodeIgniter->run()
CRITICAL - 2023-05-07 08:27:29 --> Call to a member function insert() on array
in APPPATH/Models/Post_model.php on line 48.
 1 APPPATH/Controllers/Login.php(258): App\Models\Post->comment()
 2 SYSTEMPATH/CodeIgniter.php(934): App\Controllers\Login->check_comment()
 3 SYSTEMPATH/CodeIgniter.php(499): CodeIgniter\CodeIgniter->runController()
 4 SYSTEMPATH/CodeIgniter.php(368): CodeIgniter\CodeIgniter->handleRequest()
 5 FCPATH/index.php(67): CodeIgniter\CodeIgniter->run()
CRITICAL - 2023-05-07 08:29:27 --> Call to a member function insert() on array
in APPPATH/Models/Post_model.php on line 48.
 1 APPPATH/Controllers/Login.php(258): App\Models\Post->comment()
 2 SYSTEMPATH/CodeIgniter.php(934): App\Controllers\Login->check_comment()
 3 SYSTEMPATH/CodeIgniter.php(499): CodeIgniter\CodeIgniter->runController()
 4 SYSTEMPATH/CodeIgniter.php(368): CodeIgniter\CodeIgniter->handleRequest()
 5 FCPATH/index.php(67): CodeIgniter\CodeIgniter->run()
CRITICAL - 2023-05-07 08:30:09 --> Call to a member function insert() on array
in APPPATH/Models/Post_model.php on line 48.
 1 APPPATH/Controllers/Login.php(258): App\Models\Post->comment()
 2 SYSTEMPATH/CodeIgniter.php(934): App\Controllers\Login->check_comment()
 3 SYSTEMPATH/CodeIgniter.php(499): CodeIgniter\CodeIgniter->runController()
 4 SYSTEMPATH/CodeIgniter.php(368): CodeIgniter\CodeIgniter->handleRequest()
 5 FCPATH/index.php(67): CodeIgniter\CodeIgniter->run()
CRITICAL - 2023-05-07 08:30:18 --> Call to a member function insert() on array
in APPPATH/Models/Post_model.php on line 48.
 1 APPPATH/Controllers/Login.php(258): App\Models\Post->comment()
 2 SYSTEMPATH/CodeIgniter.php(934): App\Controllers\Login->check_comment()
 3 SYSTEMPATH/CodeIgniter.php(499): CodeIgniter\CodeIgniter->runController()
 4 SYSTEMPATH/CodeIgniter.php(368): CodeIgniter\CodeIgniter->handleRequest()
 5 FCPATH/index.php(67): CodeIgniter\CodeIgniter->run()
